2019-10-17 21:56:26 INFO  Car - Speed:   0.0; Angle:   EAST; Position:   1,1; Parcels:      0; Health: 200.0; Health Usage: 200.0; Fuel: 1000.0; Tile: START
2019-10-17 21:56:27 INFO  Car - Speed:   1.0; Angle:   EAST; Position:   2,1; Parcels:      0; Health: 200.0; Health Usage: 200.0; Fuel: 999.0; Tile: ROAD
2019-10-17 21:56:27 INFO  Car - Speed:   1.0; Angle:  NORTH; Position:   2,2; Parcels:      0; Health: 200.0; Health Usage: 200.0; Fuel: 998.0; Tile: ROAD
2019-10-17 21:56:27 INFO  Car - Speed:   1.0; Angle:   WEST; Position:   1,2; Parcels:      0; Health: 200.0; Health Usage: 200.0; Fuel: 997.0; Tile: ROAD
2019-10-17 21:56:27 INFO  Car - Speed:   1.0; Angle:  NORTH; Position:   1,3; Parcels:      0; Health: 200.0; Health Usage: 200.0; Fuel: 996.0; Tile: ROAD
2019-10-17 21:56:27 INFO  Car - Speed:   1.0; Angle:  NORTH; Position:   1,4; Parcels:      0; Health: 200.0; Health Usage: 200.0; Fuel: 995.0; Tile: ROAD
2019-10-17 21:56:27 INFO  Car - Speed:   1.0; Angle:  NORTH; Position:   1,5; Parcels:      0; Health: 200.0; Health Usage: 200.0; Fuel: 994.0; Tile: ROAD
2019-10-17 21:56:27 INFO  Car - Speed:   1.0; Angle:  NORTH; Position:   1,6; Parcels:      0; Health: 200.0; Health Usage: 200.0; Fuel: 993.0; Tile: ROAD
2019-10-17 21:56:27 INFO  Car - Speed:   1.0; Angle:  NORTH; Position:   1,7; Parcels:      0; Health: 200.0; Health Usage: 200.0; Fuel: 992.0; Tile: ROAD
2019-10-17 21:56:27 INFO  Car - Speed:   1.0; Angle:  NORTH; Position:   1,8; Parcels:      0; Health: 200.0; Health Usage: 200.0; Fuel: 991.0; Tile: ROAD
2019-10-17 21:56:27 INFO  Car - Speed:   1.0; Angle:  NORTH; Position:   1,9; Parcels:      0; Health: 200.0; Health Usage: 200.0; Fuel: 990.0; Tile: ROAD
2019-10-17 21:56:27 INFO  Car - Speed:   1.0; Angle:  NORTH; Position:  1,10; Parcels:      0; Health: 200.0; Health Usage: 200.0; Fuel: 989.0; Tile: ROAD
2019-10-17 21:56:27 INFO  Car - Speed:   1.0; Angle:  NORTH; Position:  1,11; Parcels:      0; Health: 200.0; Health Usage: 200.0; Fuel: 988.0; Tile: ROAD
2019-10-17 21:56:27 INFO  Car - Speed:   1.0; Angle:  NORTH; Position:  1,12; Parcels:      0; Health: 200.0; Health Usage: 200.0; Fuel: 987.0; Tile: ROAD
2019-10-17 21:56:27 INFO  Car - Speed:   1.0; Angle:  NORTH; Position:  1,13; Parcels:      0; Health: 200.0; Health Usage: 200.0; Fuel: 986.0; Tile: ROAD
2019-10-17 21:56:27 INFO  Car - Speed:   1.0; Angle:  NORTH; Position:  1,14; Parcels:      0; Health: 200.0; Health Usage: 200.0; Fuel: 985.0; Tile: ROAD
2019-10-17 21:56:27 INFO  Car - Speed:   1.0; Angle:  NORTH; Position:  1,15; Parcels:      0; Health: 200.0; Health Usage: 200.0; Fuel: 984.0; Tile: ROAD
2019-10-17 21:56:28 INFO  Car - Speed:   1.0; Angle:  NORTH; Position:  1,16; Parcels:      0; Health: 200.0; Health Usage: 200.0; Fuel: 983.0; Tile: ROAD
2019-10-17 21:56:28 INFO  Car - Speed:   1.0; Angle:  NORTH; Position:  1,17; Parcels:      0; Health: 200.0; Health Usage: 200.0; Fuel: 982.0; Tile: ROAD
2019-10-17 21:56:28 INFO  Car - Speed:   1.0; Angle:  NORTH; Position:  1,18; Parcels:      0; Health: 200.0; Health Usage: 200.0; Fuel: 981.0; Tile: ROAD
2019-10-17 21:56:28 INFO  Car - Speed:   1.0; Angle:  NORTH; Position:  1,19; Parcels:      0; Health: 200.0; Health Usage: 200.0; Fuel: 980.0; Tile: ROAD
2019-10-17 21:56:28 INFO  Car - Speed:   1.0; Angle:  NORTH; Position:  1,20; Parcels:      0; Health: 200.0; Health Usage: 200.0; Fuel: 979.0; Tile: ROAD
2019-10-17 21:56:28 INFO  Car - Speed:   1.0; Angle:  NORTH; Position:  1,21; Parcels:      0; Health: 200.0; Health Usage: 200.0; Fuel: 978.0; Tile: ROAD
2019-10-17 21:56:28 INFO  Car - Speed:   1.0; Angle:   EAST; Position:  2,21; Parcels:      0; Health: 200.0; Health Usage: 200.0; Fuel: 977.0; Tile: ROAD
2019-10-17 21:56:28 INFO  Car - Speed:   1.0; Angle:   EAST; Position:  3,21; Parcels:      0; Health: 200.0; Health Usage: 200.0; Fuel: 976.0; Tile: ROAD
2019-10-17 21:56:28 INFO  Car - Speed:   1.0; Angle:   EAST; Position:  4,21; Parcels:      0; Health: 200.0; Health Usage: 200.0; Fuel: 975.0; Tile: ROAD
2019-10-17 21:56:28 INFO  Car - Speed:   0.0; Angle:   EAST; Position:  4,21; Parcels:      0; Health: 200.0; Health Usage: 200.0; Fuel: 975.0; Tile: ROAD
2019-10-17 21:56:28 INFO  Car - Speed:   1.0; Angle:   EAST; Position:  3,21; Parcels:      0; Health: 200.0; Health Usage: 200.0; Fuel: 974.0; Tile: ROAD
2019-10-17 21:56:28 INFO  Car - Speed:   1.0; Angle:  SOUTH; Position:  3,22; Parcels:      0; Health: 200.0; Health Usage: 200.0; Fuel: 973.0; Tile: ROAD
2019-10-17 21:56:28 INFO  Car - Speed:   1.0; Angle:  SOUTH; Position:  3,23; Parcels:      0; Health: 200.0; Health Usage: 200.0; Fuel: 972.0; Tile: ROAD
2019-10-17 21:56:28 INFO  Car - Speed:   1.0; Angle:  SOUTH; Position:  3,24; Parcels:      0; Health: 200.0; Health Usage: 200.0; Fuel: 971.0; Tile: ROAD
2019-10-17 21:56:28 INFO  Car - Speed:   1.0; Angle:  SOUTH; Position:  3,25; Parcels:      0; Health: 200.0; Health Usage: 200.0; Fuel: 970.0; Tile: ROAD
2019-10-17 21:56:28 INFO  Car - Speed:   1.0; Angle:   WEST; Position:  4,25; Parcels:      0; Health: 200.0; Health Usage: 200.0; Fuel: 969.0; Tile: ROAD
2019-10-17 21:56:29 INFO  Car - Speed:   1.0; Angle:   WEST; Position:  5,25; Parcels:      0; Health: 200.0; Health Usage: 200.0; Fuel: 968.0; Tile: ROAD
2019-10-17 21:56:29 INFO  Car - Speed:   1.0; Angle:   WEST; Position:  6,25; Parcels:      0; Health: 200.0; Health Usage: 200.0; Fuel: 967.0; Tile: ROAD
2019-10-17 21:56:29 INFO  Car - Speed:   1.0; Angle:   WEST; Position:  7,25; Parcels:      0; Health: 200.0; Health Usage: 200.0; Fuel: 966.0; Tile: ROAD
2019-10-17 21:56:29 INFO  Car - Speed:   1.0; Angle:   WEST; Position:  8,25; Parcels:      0; Health: 200.0; Health Usage: 200.0; Fuel: 965.0; Tile: ROAD
2019-10-17 21:56:29 INFO  Car - Speed:   1.0; Angle:   WEST; Position:  9,25; Parcels:      0; Health: 200.0; Health Usage: 200.0; Fuel: 964.0; Tile: ROAD
2019-10-17 21:56:29 INFO  Car - Speed:   1.0; Angle:   WEST; Position: 10,25; Parcels:      0; Health: 200.0; Health Usage: 200.0; Fuel: 963.0; Tile: ROAD
2019-10-17 21:56:29 INFO  Car - Speed:   1.0; Angle:   WEST; Position: 11,25; Parcels:      0; Health: 200.0; Health Usage: 200.0; Fuel: 962.0; Tile: ROAD
2019-10-17 21:56:29 INFO  Car - Speed:   1.0; Angle:   WEST; Position: 12,25; Parcels:      0; Health: 200.0; Health Usage: 200.0; Fuel: 961.0; Tile: ROAD
2019-10-17 21:56:29 INFO  Car - Speed:   1.0; Angle:   WEST; Position: 13,25; Parcels:      0; Health: 200.0; Health Usage: 200.0; Fuel: 960.0; Tile: ROAD
2019-10-17 21:56:29 INFO  Car - Speed:   1.0; Angle:   WEST; Position: 14,25; Parcels:      0; Health: 200.0; Health Usage: 200.0; Fuel: 959.0; Tile: ROAD
2019-10-17 21:56:29 INFO  Car - Speed:   1.0; Angle:  SOUTH; Position: 14,26; Parcels:      0; Health: 200.0; Health Usage: 200.0; Fuel: 958.0; Tile: ROAD
2019-10-17 21:56:29 INFO  Car - Speed:   1.0; Angle:  SOUTH; Position: 14,27; Parcels:      0; Health: 200.0; Health Usage: 200.0; Fuel: 957.0; Tile: ROAD
2019-10-17 21:56:29 INFO  Car - Speed:   1.0; Angle:   EAST; Position: 13,27; Parcels:      0; Health: 200.0; Health Usage: 200.0; Fuel: 956.0; Tile: ROAD
2019-10-17 21:56:29 INFO  Car - Speed:   1.0; Angle:   EAST; Position: 12,27; Parcels:      0; Health: 200.0; Health Usage: 200.0; Fuel: 955.0; Tile: ROAD
2019-10-17 21:56:29 INFO  Car - Speed:   1.0; Angle:  SOUTH; Position: 12,28; Parcels:      0; Health: 200.0; Health Usage: 200.0; Fuel: 954.0; Tile: ROAD
2019-10-17 21:56:29 INFO  Car - Speed:   1.0; Angle:  SOUTH; Position: 12,29; Parcels:      0; Health: 200.0; Health Usage: 200.0; Fuel: 953.0; Tile: ROAD
2019-10-17 21:56:30 INFO  Car - Speed:   1.0; Angle:  SOUTH; Position: 12,30; Parcels:      0; Health: 200.0; Health Usage: 200.0; Fuel: 952.0; Tile: ROAD
2019-10-17 21:56:30 INFO  Car - Speed:   1.0; Angle:   EAST; Position: 11,30; Parcels:      0; Health: 200.0; Health Usage: 200.0; Fuel: 951.0; Tile: ROAD
2019-10-17 21:56:30 INFO  Car - Speed:   1.0; Angle:   EAST; Position: 10,30; Parcels:      0; Health: 200.0; Health Usage: 200.0; Fuel: 950.0; Tile: ROAD
2019-10-17 21:56:30 INFO  Car - Speed:   1.0; Angle:  NORTH; Position: 10,29; Parcels:      0; Health: 200.0; Health Usage: 200.0; Fuel: 949.0; Tile: ROAD
2019-10-17 21:56:30 INFO  Car - Speed:   1.0; Angle:   EAST; Position:  9,29; Parcels:      0; Health: 200.0; Health Usage: 200.0; Fuel: 948.0; Tile: ROAD
2019-10-17 21:56:30 INFO  Car - Speed:   1.0; Angle:   EAST; Position:  8,29; Parcels:      0; Health: 200.0; Health Usage: 200.0; Fuel: 947.0; Tile: ROAD
2019-10-17 21:56:30 INFO  Car - Speed:   1.0; Angle:   EAST; Position:  7,29; Parcels:      0; Health: 200.0; Health Usage: 200.0; Fuel: 946.0; Tile: ROAD
2019-10-17 21:56:30 INFO  Car - Speed:   1.0; Angle:  NORTH; Position:  7,28; Parcels:      0; Health: 200.0; Health Usage: 200.0; Fuel: 945.0; Tile: ROAD
2019-10-17 21:56:30 INFO  Car - Speed:   1.0; Angle:   EAST; Position:  6,28; Parcels:      0; Health: 200.0; Health Usage: 200.0; Fuel: 944.0; Tile: ROAD
2019-10-17 21:56:30 INFO  Car - Speed:   1.0; Angle:   EAST; Position:  5,28; Parcels:      0; Health: 200.0; Health Usage: 200.0; Fuel: 943.0; Tile: ROAD
2019-10-17 21:56:30 INFO  Car - Speed:   0.0; Angle:   EAST; Position:  5,28; Parcels:      0; Health: 200.0; Health Usage: 200.0; Fuel: 943.0; Tile: ROAD
2019-10-17 21:56:30 INFO  Car - Speed:   1.0; Angle:   EAST; Position:  6,28; Parcels:      0; Health: 200.0; Health Usage: 200.0; Fuel: 942.0; Tile: ROAD
2019-10-17 21:56:30 INFO  Car - Speed:   1.0; Angle:   EAST; Position:  7,28; Parcels:      0; Health: 200.0; Health Usage: 200.0; Fuel: 941.0; Tile: ROAD
2019-10-17 21:56:30 INFO  Car - Speed:   1.0; Angle:  NORTH; Position:  7,29; Parcels:      0; Health: 200.0; Health Usage: 200.0; Fuel: 940.0; Tile: ROAD
2019-10-17 21:56:30 INFO  Car - Speed:   1.0; Angle:   EAST; Position:  8,29; Parcels:      0; Health: 200.0; Health Usage: 200.0; Fuel: 939.0; Tile: ROAD
2019-10-17 21:56:30 INFO  Car - Speed:   1.0; Angle:   EAST; Position:  9,29; Parcels:      0; Health: 200.0; Health Usage: 200.0; Fuel: 938.0; Tile: ROAD
2019-10-17 21:56:31 INFO  Car - Speed:   1.0; Angle:   EAST; Position: 10,29; Parcels:      0; Health: 200.0; Health Usage: 200.0; Fuel: 937.0; Tile: ROAD
2019-10-17 21:56:31 INFO  Car - Speed:   1.0; Angle:  NORTH; Position: 10,30; Parcels:      0; Health: 200.0; Health Usage: 200.0; Fuel: 936.0; Tile: ROAD
2019-10-17 21:56:31 INFO  Car - Speed:   1.0; Angle:   EAST; Position: 11,30; Parcels:      0; Health: 200.0; Health Usage: 200.0; Fuel: 935.0; Tile: ROAD
2019-10-17 21:56:36 INFO  Car - Speed:   1.0; Angle:   EAST; Position: 12,30; Parcels:      0; Health: 200.0; Health Usage: 200.0; Fuel: 934.0; Tile: ROAD
2019-10-17 21:56:36 INFO  Car - Speed:   1.0; Angle:   EAST; Position: 13,30; Parcels:      0; Health: 200.0; Health Usage: 200.0; Fuel: 933.0; Tile: ROAD
2019-10-17 21:56:36 INFO  Car - Speed:   1.0; Angle:  SOUTH; Position: 13,29; Parcels:      0; Health: 200.0; Health Usage: 200.0; Fuel: 932.0; Tile: ROAD
2019-10-17 21:56:36 INFO  Car - Speed:   1.0; Angle:   EAST; Position: 14,29; Parcels:      0; Health: 200.0; Health Usage: 200.0; Fuel: 931.0; Tile: ROAD
2019-10-17 21:56:36 INFO  Car - Speed:   1.0; Angle:  SOUTH; Position: 14,28; Parcels:      0; Health: 200.0; Health Usage: 200.0; Fuel: 930.0; Tile: ROAD
2019-10-17 21:56:36 INFO  Car - Speed:   1.0; Angle:  SOUTH; Position: 14,27; Parcels:      0; Health: 200.0; Health Usage: 200.0; Fuel: 929.0; Tile: ROAD
2019-10-17 21:56:36 INFO  Car - Speed:   1.0; Angle:  SOUTH; Position: 14,26; Parcels:      0; Health: 200.0; Health Usage: 200.0; Fuel: 928.0; Tile: ROAD
2019-10-17 21:56:36 INFO  Car - Speed:   1.0; Angle:  SOUTH; Position: 14,25; Parcels:      0; Health: 200.0; Health Usage: 200.0; Fuel: 927.0; Tile: ROAD
2019-10-17 21:56:36 INFO  Car - Speed:   1.0; Angle:   WEST; Position: 13,25; Parcels:      0; Health: 200.0; Health Usage: 200.0; Fuel: 926.0; Tile: ROAD
2019-10-17 21:56:36 INFO  Car - Speed:   1.0; Angle:   WEST; Position: 12,25; Parcels:      0; Health: 200.0; Health Usage: 200.0; Fuel: 925.0; Tile: ROAD
2019-10-17 21:56:36 INFO  Car - Speed:   1.0; Angle:   WEST; Position: 11,25; Parcels:      0; Health: 200.0; Health Usage: 200.0; Fuel: 924.0; Tile: ROAD
2019-10-17 21:56:36 INFO  Car - Speed:   1.0; Angle:   WEST; Position: 10,25; Parcels:      0; Health: 200.0; Health Usage: 200.0; Fuel: 923.0; Tile: ROAD
2019-10-17 21:56:37 INFO  Car - Speed:   1.0; Angle:   WEST; Position:  9,25; Parcels:      0; Health: 200.0; Health Usage: 200.0; Fuel: 922.0; Tile: ROAD
2019-10-17 21:56:37 INFO  Car - Speed:   1.0; Angle:   WEST; Position:  8,25; Parcels:      0; Health: 200.0; Health Usage: 200.0; Fuel: 921.0; Tile: ROAD
2019-10-17 21:56:37 INFO  Car - Speed:   1.0; Angle:   WEST; Position:  7,25; Parcels:      0; Health: 200.0; Health Usage: 200.0; Fuel: 920.0; Tile: ROAD
2019-10-17 21:56:37 INFO  Car - Speed:   1.0; Angle:   WEST; Position:  6,25; Parcels:      0; Health: 200.0; Health Usage: 200.0; Fuel: 919.0; Tile: ROAD
2019-10-17 21:56:37 INFO  Car - Speed:   1.0; Angle:  SOUTH; Position:  6,24; Parcels:      0; Health: 200.0; Health Usage: 200.0; Fuel: 918.0; Tile: ROAD
2019-10-17 21:56:37 INFO  Car - Speed:   1.0; Angle:  SOUTH; Position:  6,23; Parcels:      0; Health: 200.0; Health Usage: 200.0; Fuel: 917.0; Tile: ROAD
2019-10-17 21:56:37 INFO  Car - Speed:   1.0; Angle:   WEST; Position:  5,23; Parcels:      0; Health: 200.0; Health Usage: 200.0; Fuel: 916.0; Tile: ROAD
2019-10-17 21:56:37 INFO  Car - Speed:   1.0; Angle:  SOUTH; Position:  5,22; Parcels:      0; Health: 200.0; Health Usage: 200.0; Fuel: 915.0; Tile: ROAD
2019-10-17 21:56:37 INFO  Car - Speed:   1.0; Angle:  SOUTH; Position:  5,21; Parcels:      0; Health: 200.0; Health Usage: 200.0; Fuel: 914.0; Tile: ROAD
2019-10-17 21:56:37 INFO  Car - Speed:   1.0; Angle:   WEST; Position:  4,21; Parcels:      0; Health: 200.0; Health Usage: 200.0; Fuel: 913.0; Tile: ROAD
2019-10-17 21:56:37 INFO  Car - Speed:   1.0; Angle:   WEST; Position:  3,21; Parcels:      0; Health: 200.0; Health Usage: 200.0; Fuel: 912.0; Tile: ROAD
2019-10-17 21:56:37 INFO  Car - Speed:   1.0; Angle:   WEST; Position:  2,21; Parcels:      0; Health: 200.0; Health Usage: 200.0; Fuel: 911.0; Tile: ROAD
2019-10-17 21:56:37 INFO  Car - Speed:   1.0; Angle:   WEST; Position:  1,21; Parcels:      0; Health: 200.0; Health Usage: 200.0; Fuel: 910.0; Tile: ROAD
2019-10-17 21:56:37 INFO  Car - Speed:   1.0; Angle:  SOUTH; Position:  1,20; Parcels:      0; Health: 200.0; Health Usage: 200.0; Fuel: 909.0; Tile: ROAD
2019-10-17 21:56:37 INFO  Car - Speed:   1.0; Angle:  SOUTH; Position:  1,19; Parcels:      0; Health: 200.0; Health Usage: 200.0; Fuel: 908.0; Tile: ROAD
2019-10-17 21:56:38 INFO  Car - Speed:   1.0; Angle:   EAST; Position:  2,19; Parcels:      0; Health: 200.0; Health Usage: 200.0; Fuel: 907.0; Tile: ROAD
2019-10-17 21:56:38 INFO  Car - Speed:   1.0; Angle:   EAST; Position:  3,19; Parcels:      0; Health: 200.0; Health Usage: 200.0; Fuel: 906.0; Tile: ROAD
2019-10-17 21:56:38 INFO  Car - Speed:   1.0; Angle:   EAST; Position:  4,19; Parcels:      0; Health: 200.0; Health Usage: 200.0; Fuel: 905.0; Tile: ROAD
2019-10-17 21:56:38 INFO  Car - Speed:   1.0; Angle:   EAST; Position:  5,19; Parcels:      0; Health: 200.0; Health Usage: 200.0; Fuel: 904.0; Tile: ROAD
2019-10-17 21:56:38 INFO  Car - Speed:   1.0; Angle:   EAST; Position:  6,19; Parcels:      0; Health: 200.0; Health Usage: 200.0; Fuel: 903.0; Tile: ROAD
2019-10-17 21:56:38 INFO  Car - Speed:   1.0; Angle:  SOUTH; Position:  6,18; Parcels:      0; Health: 200.0; Health Usage: 200.0; Fuel: 902.0; Tile: ROAD
2019-10-17 21:56:38 INFO  Car - Speed:   1.0; Angle:   EAST; Position:  7,18; Parcels:      0; Health: 200.0; Health Usage: 200.0; Fuel: 901.0; Tile: ROAD
2019-10-17 21:56:38 INFO  Car - Speed:   0.0; Angle:   EAST; Position:  7,18; Parcels:      0; Health: 200.0; Health Usage: 200.0; Fuel: 901.0; Tile: ROAD
2019-10-17 21:56:38 INFO  Car - Speed:   1.0; Angle:   EAST; Position:  6,18; Parcels:      0; Health: 200.0; Health Usage: 200.0; Fuel: 900.0; Tile: ROAD
2019-10-17 21:56:38 INFO  Car - Speed:   1.0; Angle:   EAST; Position:  5,18; Parcels:      0; Health: 200.0; Health Usage: 200.0; Fuel: 899.0; Tile: ROAD
2019-10-17 21:56:38 INFO  Car - Speed:   1.0; Angle:   EAST; Position:  4,18; Parcels:      0; Health: 200.0; Health Usage: 200.0; Fuel: 898.0; Tile: ROAD
2019-10-17 21:56:38 INFO  Car - Speed:   1.0; Angle:   EAST; Position:  3,18; Parcels:      0; Health: 200.0; Health Usage: 200.0; Fuel: 897.0; Tile: ROAD
2019-10-17 21:56:38 INFO  Car - Speed:   1.0; Angle:  NORTH; Position:  3,17; Parcels:      0; Health: 200.0; Health Usage: 200.0; Fuel: 896.0; Tile: ROAD
2019-10-17 21:56:38 INFO  Car - Speed:   1.0; Angle:  NORTH; Position:  3,16; Parcels:      0; Health: 200.0; Health Usage: 200.0; Fuel: 895.0; Tile: ROAD
2019-10-17 21:56:38 INFO  Car - Speed:   1.0; Angle:  NORTH; Position:  3,15; Parcels:      0; Health: 200.0; Health Usage: 200.0; Fuel: 894.0; Tile: ROAD
2019-10-17 21:56:38 INFO  Car - Speed:   1.0; Angle:  NORTH; Position:  3,14; Parcels:      0; Health: 200.0; Health Usage: 200.0; Fuel: 893.0; Tile: ROAD
2019-10-17 21:56:38 INFO  Car - Speed:   1.0; Angle:  NORTH; Position:  3,13; Parcels:      0; Health: 200.0; Health Usage: 200.0; Fuel: 892.0; Tile: ROAD
2019-10-17 21:56:39 INFO  Car - Speed:   1.0; Angle:   WEST; Position:  4,13; Parcels:      0; Health: 200.0; Health Usage: 200.0; Fuel: 891.0; Tile: ROAD
2019-10-17 21:56:39 INFO  Car - Speed:   1.0; Angle:   WEST; Position:  5,13; Parcels:      0; Health: 200.0; Health Usage: 200.0; Fuel: 890.0; Tile: ROAD
2019-10-17 21:56:39 INFO  Car - Speed:   1.0; Angle:  NORTH; Position:  5,12; Parcels:      0; Health: 200.0; Health Usage: 200.0; Fuel: 889.0; Tile: ROAD
2019-10-17 21:56:39 INFO  Car - Speed:   1.0; Angle:  NORTH; Position:  5,11; Parcels:      0; Health: 200.0; Health Usage: 200.0; Fuel: 888.0; Tile: ROAD
2019-10-17 21:56:39 INFO  Car - Speed:   1.0; Angle:   WEST; Position:  6,11; Parcels:      0; Health: 200.0; Health Usage: 200.0; Fuel: 887.0; Tile: ROAD
2019-10-17 21:56:39 INFO  Car - Speed:   1.0; Angle:   WEST; Position:  7,11; Parcels:      0; Health: 200.0; Health Usage: 200.0; Fuel: 886.0; Tile: ROAD
2019-10-17 21:56:39 INFO  Car - Speed:   0.0; Angle:   WEST; Position:  7,11; Parcels:      0; Health: 200.0; Health Usage: 200.0; Fuel: 886.0; Tile: ROAD
2019-10-17 21:56:39 INFO  Car - Speed:   1.0; Angle:   WEST; Position:  6,11; Parcels:      0; Health: 200.0; Health Usage: 200.0; Fuel: 885.0; Tile: ROAD
2019-10-17 21:56:39 INFO  Car - Speed:   1.0; Angle:   WEST; Position:  5,11; Parcels:      0; Health: 200.0; Health Usage: 200.0; Fuel: 884.0; Tile: ROAD
2019-10-17 21:56:39 INFO  Car - Speed:   1.0; Angle:  NORTH; Position:  5,12; Parcels:      0; Health: 200.0; Health Usage: 200.0; Fuel: 883.0; Tile: ROAD
2019-10-17 21:56:39 INFO  Car - Speed:   1.0; Angle:  NORTH; Position:  5,13; Parcels:      0; Health: 200.0; Health Usage: 200.0; Fuel: 882.0; Tile: ROAD
2019-10-17 21:56:39 INFO  Car - Speed:   1.0; Angle:   WEST; Position:  4,13; Parcels:      0; Health: 200.0; Health Usage: 200.0; Fuel: 881.0; Tile: ROAD
2019-10-17 21:56:39 INFO  Car - Speed:   1.0; Angle:   WEST; Position:  3,13; Parcels:      0; Health: 200.0; Health Usage: 200.0; Fuel: 880.0; Tile: ROAD
2019-10-17 21:56:39 INFO  Car - Speed:   1.0; Angle:  SOUTH; Position:  3,12; Parcels:      0; Health: 200.0; Health Usage: 200.0; Fuel: 879.0; Tile: ROAD
2019-10-17 21:56:39 INFO  Car - Speed:   1.0; Angle:  SOUTH; Position:  3,11; Parcels:      0; Health: 200.0; Health Usage: 200.0; Fuel: 878.0; Tile: ROAD
2019-10-17 21:56:39 INFO  Car - Speed:   1.0; Angle:  SOUTH; Position:  3,10; Parcels:      0; Health: 200.0; Health Usage: 200.0; Fuel: 877.0; Tile: ROAD
2019-10-17 21:56:40 INFO  Car - Speed:   1.0; Angle:  SOUTH; Position:   3,9; Parcels:      0; Health: 200.0; Health Usage: 200.0; Fuel: 876.0; Tile: ROAD
2019-10-17 21:56:40 INFO  Car - Speed:   1.0; Angle:  SOUTH; Position:   3,8; Parcels:      0; Health: 200.0; Health Usage: 200.0; Fuel: 875.0; Tile: ROAD
2019-10-17 21:56:40 INFO  Car - Speed:   1.0; Angle:  SOUTH; Position:   3,7; Parcels:      0; Health: 200.0; Health Usage: 200.0; Fuel: 874.0; Tile: ROAD
2019-10-17 21:56:40 INFO  Car - Speed:   1.0; Angle:  SOUTH; Position:   3,6; Parcels:      0; Health: 200.0; Health Usage: 200.0; Fuel: 873.0; Tile: ROAD
2019-10-17 21:56:40 INFO  Car - Speed:   1.0; Angle:  SOUTH; Position:   3,5; Parcels:      0; Health: 200.0; Health Usage: 200.0; Fuel: 872.0; Tile: ROAD
2019-10-17 21:56:40 INFO  Car - Speed:   1.0; Angle:   EAST; Position:   4,5; Parcels:      0; Health: 200.0; Health Usage: 200.0; Fuel: 871.0; Tile: ROAD
2019-10-17 21:56:40 INFO  Car - Speed:   1.0; Angle:   EAST; Position:   5,5; Parcels:      0; Health: 200.0; Health Usage: 200.0; Fuel: 870.0; Tile: ROAD
2019-10-17 21:56:40 INFO  Car - Speed:   1.0; Angle:   EAST; Position:   6,5; Parcels:      0; Health: 200.0; Health Usage: 200.0; Fuel: 869.0; Tile: ROAD
2019-10-17 21:56:40 INFO  Car - Speed:   1.0; Angle:   EAST; Position:   7,5; Parcels:      0; Health: 200.0; Health Usage: 200.0; Fuel: 868.0; Tile: ROAD
2019-10-17 21:56:40 INFO  Car - Speed:   1.0; Angle:   EAST; Position:   8,5; Parcels:      0; Health: 200.0; Health Usage: 200.0; Fuel: 867.0; Tile: ROAD
2019-10-17 21:56:40 INFO  Car - Speed:   1.0; Angle:   EAST; Position:   9,5; Parcels:      0; Health: 200.0; Health Usage: 200.0; Fuel: 866.0; Tile: ROAD
2019-10-17 21:56:40 INFO  Car - Speed:   1.0; Angle:   EAST; Position:  10,5; Parcels:      0; Health: 200.0; Health Usage: 200.0; Fuel: 865.0; Tile: ROAD
2019-10-17 21:56:40 INFO  Car - Speed:   1.0; Angle:   EAST; Position:  11,5; Parcels:      0; Health: 200.0; Health Usage: 200.0; Fuel: 864.0; Tile: ROAD
2019-10-17 21:56:40 INFO  Car - Speed:   1.0; Angle:   EAST; Position:  12,5; Parcels:      0; Health: 200.0; Health Usage: 200.0; Fuel: 863.0; Tile: ROAD
2019-10-17 21:56:40 INFO  Car - Speed:   1.0; Angle:   EAST; Position:  13,5; Parcels:      0; Health: 200.0; Health Usage: 200.0; Fuel: 862.0; Tile: ROAD
2019-10-17 21:56:41 INFO  Car - Speed:   1.0; Angle:   EAST; Position:  14,5; Parcels:      0; Health: 200.0; Health Usage: 200.0; Fuel: 861.0; Tile: ROAD
2019-10-17 21:56:41 INFO  Car - Speed:   1.0; Angle:   EAST; Position:  15,5; Parcels:      0; Health: 200.0; Health Usage: 200.0; Fuel: 860.0; Tile: ROAD
2019-10-17 21:56:41 INFO  Car - Speed:   1.0; Angle:  NORTH; Position:  15,6; Parcels:      0; Health: 200.0; Health Usage: 200.0; Fuel: 859.0; Tile: ROAD
2019-10-17 21:56:41 INFO  Car - Speed:   1.0; Angle:   EAST; Position:  16,6; Parcels:      0; Health: 200.0; Health Usage: 200.0; Fuel: 858.0; Tile: ROAD
2019-10-17 21:56:41 INFO  Car - Speed:   1.0; Angle:   EAST; Position:  17,6; Parcels:      0; Health: 200.0; Health Usage: 200.0; Fuel: 857.0; Tile: ROAD
2019-10-17 21:56:41 INFO  Car - Speed:   1.0; Angle:   EAST; Position:  18,6; Parcels:      0; Health: 200.0; Health Usage: 200.0; Fuel: 856.0; Tile: ROAD
2019-10-17 21:56:41 INFO  Car - Speed:   1.0; Angle:  SOUTH; Position:  18,5; Parcels:      0; Health: 200.0; Health Usage: 200.0; Fuel: 855.0; Tile: ROAD
2019-10-17 21:56:41 INFO  Car - Speed:   1.0; Angle:  SOUTH; Position:  18,4; Parcels:      1; Health: 200.0; Health Usage: 200.0; Fuel: 854.0; Tile: ROAD
2019-10-17 21:56:41 INFO  Car - Speed:   0.0; Angle:  SOUTH; Position:  18,4; Parcels:      1; Health: 200.0; Health Usage: 200.0; Fuel: 854.0; Tile: ROAD
2019-10-17 21:56:41 INFO  Car - Speed:   1.0; Angle:  SOUTH; Position:  18,5; Parcels:      1; Health: 200.0; Health Usage: 200.0; Fuel: 853.0; Tile: ROAD
2019-10-17 21:56:41 INFO  Car - Speed:   1.0; Angle:  SOUTH; Position:  18,6; Parcels:      1; Health: 200.0; Health Usage: 200.0; Fuel: 852.0; Tile: ROAD
2019-10-17 21:56:41 INFO  Car - Speed:   1.0; Angle:   EAST; Position:  17,6; Parcels:      1; Health: 200.0; Health Usage: 200.0; Fuel: 851.0; Tile: ROAD
2019-10-17 21:56:41 INFO  Car - Speed:   1.0; Angle:   EAST; Position:  16,6; Parcels:      1; Health: 200.0; Health Usage: 200.0; Fuel: 850.0; Tile: ROAD
2019-10-17 21:56:41 INFO  Car - Speed:   1.0; Angle:   EAST; Position:  15,6; Parcels:      1; Health: 200.0; Health Usage: 200.0; Fuel: 849.0; Tile: ROAD
2019-10-17 21:56:41 INFO  Car - Speed:   1.0; Angle:  NORTH; Position:  15,5; Parcels:      1; Health: 200.0; Health Usage: 200.0; Fuel: 848.0; Tile: ROAD
2019-10-17 21:56:41 INFO  Car - Speed:   1.0; Angle:   EAST; Position:  14,5; Parcels:      1; Health: 200.0; Health Usage: 200.0; Fuel: 847.0; Tile: ROAD
2019-10-17 21:56:42 INFO  Car - Speed:   1.0; Angle:   EAST; Position:  13,5; Parcels:      1; Health: 200.0; Health Usage: 200.0; Fuel: 846.0; Tile: ROAD
2019-10-17 21:56:42 INFO  Car - Speed:   1.0; Angle:   EAST; Position:  12,5; Parcels:      1; Health: 200.0; Health Usage: 200.0; Fuel: 845.0; Tile: ROAD
2019-10-17 21:56:42 INFO  Car - Speed:   1.0; Angle:   EAST; Position:  11,5; Parcels:      1; Health: 200.0; Health Usage: 200.0; Fuel: 844.0; Tile: ROAD
2019-10-17 21:56:42 INFO  Car - Speed:   1.0; Angle:   EAST; Position:  10,5; Parcels:      1; Health: 200.0; Health Usage: 200.0; Fuel: 843.0; Tile: ROAD
2019-10-17 21:56:42 INFO  Car - Speed:   1.0; Angle:   EAST; Position:   9,5; Parcels:      1; Health: 200.0; Health Usage: 200.0; Fuel: 842.0; Tile: ROAD
2019-10-17 21:56:42 INFO  Car - Speed:   1.0; Angle:   EAST; Position:   8,5; Parcels:      1; Health: 200.0; Health Usage: 200.0; Fuel: 841.0; Tile: ROAD
2019-10-17 21:56:42 INFO  Car - Speed:   1.0; Angle:   EAST; Position:   7,5; Parcels:      1; Health: 200.0; Health Usage: 200.0; Fuel: 840.0; Tile: ROAD
2019-10-17 21:56:42 INFO  Car - Speed:   1.0; Angle:   EAST; Position:   6,5; Parcels:      1; Health: 200.0; Health Usage: 200.0; Fuel: 839.0; Tile: ROAD
2019-10-17 21:56:42 INFO  Car - Speed:   1.0; Angle:   EAST; Position:   5,5; Parcels:      1; Health: 200.0; Health Usage: 200.0; Fuel: 838.0; Tile: ROAD
2019-10-17 21:56:42 INFO  Car - Speed:   1.0; Angle:   EAST; Position:   4,5; Parcels:      1; Health: 200.0; Health Usage: 200.0; Fuel: 837.0; Tile: ROAD
2019-10-17 21:56:42 INFO  Car - Speed:   1.0; Angle:   EAST; Position:   3,5; Parcels:      1; Health: 200.0; Health Usage: 200.0; Fuel: 836.0; Tile: ROAD
2019-10-17 21:56:42 INFO  Car - Speed:   1.0; Angle:  SOUTH; Position:   3,6; Parcels:      1; Health: 200.0; Health Usage: 200.0; Fuel: 835.0; Tile: ROAD
2019-10-17 21:56:42 INFO  Car - Speed:   1.0; Angle:  SOUTH; Position:   3,7; Parcels:      1; Health: 200.0; Health Usage: 200.0; Fuel: 834.0; Tile: ROAD
2019-10-17 21:56:42 INFO  Car - Speed:   1.0; Angle:  SOUTH; Position:   3,8; Parcels:      1; Health: 200.0; Health Usage: 200.0; Fuel: 833.0; Tile: ROAD
2019-10-17 21:56:42 INFO  Car - Speed:   1.0; Angle:  SOUTH; Position:   3,9; Parcels:      1; Health: 200.0; Health Usage: 200.0; Fuel: 832.0; Tile: ROAD
2019-10-17 21:56:42 INFO  Car - Speed:   1.0; Angle:  SOUTH; Position:  3,10; Parcels:      1; Health: 200.0; Health Usage: 200.0; Fuel: 831.0; Tile: ROAD
2019-10-17 21:56:43 INFO  Car - Speed:   1.0; Angle:  SOUTH; Position:  3,11; Parcels:      1; Health: 200.0; Health Usage: 200.0; Fuel: 830.0; Tile: ROAD
2019-10-17 21:56:43 INFO  Car - Speed:   1.0; Angle:  SOUTH; Position:  3,12; Parcels:      1; Health: 200.0; Health Usage: 200.0; Fuel: 829.0; Tile: ROAD
2019-10-17 21:56:43 INFO  Car - Speed:   1.0; Angle:  SOUTH; Position:  3,13; Parcels:      1; Health: 200.0; Health Usage: 200.0; Fuel: 828.0; Tile: ROAD
2019-10-17 21:56:43 INFO  Car - Speed:   1.0; Angle:   WEST; Position:  4,13; Parcels:      1; Health: 200.0; Health Usage: 200.0; Fuel: 827.0; Tile: ROAD
2019-10-17 21:56:43 INFO  Car - Speed:   1.0; Angle:   WEST; Position:  5,13; Parcels:      1; Health: 200.0; Health Usage: 200.0; Fuel: 826.0; Tile: ROAD
2019-10-17 21:56:43 INFO  Car - Speed:   1.0; Angle:  NORTH; Position:  5,12; Parcels:      1; Health: 200.0; Health Usage: 200.0; Fuel: 825.0; Tile: ROAD
2019-10-17 21:56:43 INFO  Car - Speed:   1.0; Angle:  NORTH; Position:  5,11; Parcels:      1; Health: 200.0; Health Usage: 200.0; Fuel: 824.0; Tile: ROAD
2019-10-17 21:56:43 INFO  Car - Speed:   1.0; Angle:   WEST; Position:  6,11; Parcels:      1; Health: 200.0; Health Usage: 200.0; Fuel: 823.0; Tile: ROAD
2019-10-17 21:56:43 INFO  Car - Speed:   1.0; Angle:   WEST; Position:  7,11; Parcels:      1; Health: 200.0; Health Usage: 200.0; Fuel: 822.0; Tile: ROAD
2019-10-17 21:56:43 INFO  Car - Speed:   1.0; Angle:  SOUTH; Position:  7,12; Parcels:      1; Health: 200.0; Health Usage: 200.0; Fuel: 821.0; Tile: ROAD
2019-10-17 21:56:43 INFO  Car - Speed:   1.0; Angle:  SOUTH; Position:  7,13; Parcels:      1; Health: 200.0; Health Usage: 200.0; Fuel: 820.0; Tile: ROAD
2019-10-17 21:56:43 INFO  Car - Speed:   1.0; Angle:   WEST; Position:  8,13; Parcels:      1; Health: 200.0; Health Usage: 200.0; Fuel: 819.0; Tile: ROAD
2019-10-17 21:56:43 INFO  Car - Speed:   1.0; Angle:   WEST; Position:  9,13; Parcels:      1; Health: 200.0; Health Usage: 200.0; Fuel: 818.0; Tile: ROAD
2019-10-17 21:56:43 INFO  Car - Speed:   1.0; Angle:  NORTH; Position:  9,12; Parcels:      1; Health: 200.0; Health Usage: 200.0; Fuel: 817.0; Tile: ROAD
2019-10-17 21:56:43 INFO  Car - Speed:   1.0; Angle:  NORTH; Position:  9,11; Parcels:      1; Health: 200.0; Health Usage: 200.0; Fuel: 816.0; Tile: ROAD
2019-10-17 21:56:43 INFO  Car - Speed:   1.0; Angle:   WEST; Position: 10,11; Parcels:      1; Health: 200.0; Health Usage: 200.0; Fuel: 815.0; Tile: ROAD
2019-10-17 21:56:43 INFO  Car - Speed:   1.0; Angle:   WEST; Position: 11,11; Parcels:      1; Health: 200.0; Health Usage: 200.0; Fuel: 814.0; Tile: ROAD
2019-10-17 21:56:44 INFO  Car - Speed:   1.0; Angle:  SOUTH; Position: 11,12; Parcels:      1; Health: 200.0; Health Usage: 200.0; Fuel: 813.0; Tile: ROAD
2019-10-17 21:56:44 INFO  Car - Speed:   1.0; Angle:  SOUTH; Position: 11,13; Parcels:      1; Health: 200.0; Health Usage: 200.0; Fuel: 812.0; Tile: ROAD
2019-10-17 21:56:44 INFO  Car - Speed:   1.0; Angle:   WEST; Position: 12,13; Parcels:      1; Health: 200.0; Health Usage: 200.0; Fuel: 811.0; Tile: ROAD
2019-10-17 21:56:44 INFO  Car - Speed:   1.0; Angle:   WEST; Position: 13,13; Parcels:      1; Health: 200.0; Health Usage: 200.0; Fuel: 810.0; Tile: ROAD
2019-10-17 21:56:44 INFO  Car - Speed:   1.0; Angle:  NORTH; Position: 13,12; Parcels:      1; Health: 200.0; Health Usage: 200.0; Fuel: 809.0; Tile: ROAD
2019-10-17 21:56:44 INFO  Car - Speed:   1.0; Angle:  NORTH; Position: 13,11; Parcels:      1; Health: 200.0; Health Usage: 200.0; Fuel: 808.0; Tile: ROAD
2019-10-17 21:56:44 INFO  Car - Speed:   1.0; Angle:   WEST; Position: 14,11; Parcels:      1; Health: 200.0; Health Usage: 200.0; Fuel: 807.0; Tile: ROAD
2019-10-17 21:56:44 INFO  Car - Speed:   1.0; Angle:   WEST; Position: 15,11; Parcels:      1; Health: 200.0; Health Usage: 200.0; Fuel: 806.0; Tile: ROAD
2019-10-17 21:56:44 INFO  Car - Speed:   1.0; Angle:  SOUTH; Position: 15,12; Parcels:      1; Health: 200.0; Health Usage: 200.0; Fuel: 805.0; Tile: ROAD
2019-10-17 21:56:44 INFO  Car - Speed:   1.0; Angle:  SOUTH; Position: 15,13; Parcels:      1; Health: 200.0; Health Usage: 200.0; Fuel: 804.0; Tile: ROAD
2019-10-17 21:56:44 INFO  Car - Speed:   1.0; Angle:   WEST; Position: 16,13; Parcels:      1; Health: 200.0; Health Usage: 200.0; Fuel: 803.0; Tile: ROAD
2019-10-17 21:56:44 INFO  Car - Speed:   1.0; Angle:   WEST; Position: 17,13; Parcels:      1; Health: 200.0; Health Usage: 200.0; Fuel: 802.0; Tile: ROAD
2019-10-17 21:56:44 INFO  Car - Speed:   1.0; Angle:  NORTH; Position: 17,12; Parcels:      1; Health: 200.0; Health Usage: 200.0; Fuel: 801.0; Tile: ROAD
2019-10-17 21:56:44 INFO  Car - Speed:   1.0; Angle:  NORTH; Position: 17,11; Parcels:      1; Health: 200.0; Health Usage: 200.0; Fuel: 800.0; Tile: ROAD
2019-10-17 21:56:44 INFO  Car - Speed:   1.0; Angle:   WEST; Position: 18,11; Parcels:      1; Health: 200.0; Health Usage: 200.0; Fuel: 799.0; Tile: ROAD
2019-10-17 21:56:45 INFO  Car - Speed:   1.0; Angle:   WEST; Position: 19,11; Parcels:      1; Health: 200.0; Health Usage: 200.0; Fuel: 798.0; Tile: ROAD
2019-10-17 21:56:45 INFO  Car - Speed:   1.0; Angle:   WEST; Position: 20,11; Parcels:      1; Health: 200.0; Health Usage: 200.0; Fuel: 797.0; Tile: ROAD
2019-10-17 21:56:45 INFO  Car - Speed:   1.0; Angle:  NORTH; Position: 20,10; Parcels:      1; Health: 200.0; Health Usage: 200.0; Fuel: 796.0; Tile: ROAD
2019-10-17 21:56:45 INFO  Car - Speed:   1.0; Angle:  NORTH; Position:  20,9; Parcels:      1; Health: 200.0; Health Usage: 200.0; Fuel: 795.0; Tile: ROAD
2019-10-17 21:56:45 INFO  Car - Speed:   1.0; Angle:  NORTH; Position:  20,8; Parcels:      1; Health: 200.0; Health Usage: 200.0; Fuel: 794.0; Tile: ROAD
2019-10-17 21:56:45 INFO  Car - Speed:   0.0; Angle:  NORTH; Position:  20,8; Parcels:      1; Health: 200.0; Health Usage: 200.0; Fuel: 794.0; Tile: ROAD
2019-10-17 21:56:45 INFO  Car - Speed:   1.0; Angle:  NORTH; Position:  20,9; Parcels:      1; Health: 200.0; Health Usage: 200.0; Fuel: 793.0; Tile: ROAD
2019-10-17 21:56:45 INFO  Car - Speed:   1.0; Angle:  NORTH; Position: 20,10; Parcels:      1; Health: 200.0; Health Usage: 200.0; Fuel: 792.0; Tile: ROAD
2019-10-17 21:56:45 INFO  Car - Speed:   1.0; Angle:   EAST; Position: 21,10; Parcels:      1; Health: 200.0; Health Usage: 200.0; Fuel: 791.0; Tile: ROAD
2019-10-17 21:56:45 INFO  Car - Speed:   1.0; Angle:   EAST; Position: 22,10; Parcels:      1; Health: 200.0; Health Usage: 200.0; Fuel: 790.0; Tile: ROAD
2019-10-17 21:56:45 INFO  Car - Speed:   1.0; Angle:  SOUTH; Position:  22,9; Parcels:      1; Health: 200.0; Health Usage: 200.0; Fuel: 789.0; Tile: ROAD
2019-10-17 21:56:45 INFO  Car - Speed:   1.0; Angle:  SOUTH; Position:  22,8; Parcels:      1; Health: 200.0; Health Usage: 200.0; Fuel: 788.0; Tile: ROAD
2019-10-17 21:56:45 INFO  Car - Speed:   1.0; Angle:  SOUTH; Position:  22,7; Parcels:      1; Health: 200.0; Health Usage: 200.0; Fuel: 787.0; Tile: ROAD
2019-10-17 21:56:45 INFO  Car - Speed:   1.0; Angle:   EAST; Position:  23,7; Parcels:      1; Health: 200.0; Health Usage: 200.0; Fuel: 786.0; Tile: ROAD
2019-10-17 21:56:45 INFO  Car - Speed:   1.0; Angle:   EAST; Position:  24,7; Parcels:      1; Health: 200.0; Health Usage: 200.0; Fuel: 785.0; Tile: ROAD
2019-10-17 21:56:45 INFO  Car - Speed:   1.0; Angle:  SOUTH; Position:  24,6; Parcels:      1; Health: 200.0; Health Usage: 200.0; Fuel: 784.0; Tile: ROAD
2019-10-17 21:56:46 INFO  Car - Speed:   1.0; Angle:  SOUTH; Position:  24,5; Parcels:      1; Health: 200.0; Health Usage: 200.0; Fuel: 783.0; Tile: ROAD
2019-10-17 21:56:46 INFO  Car - Speed:   1.0; Angle:  SOUTH; Position:  24,4; Parcels:      1; Health: 200.0; Health Usage: 200.0; Fuel: 782.0; Tile: ROAD
2019-10-17 21:56:46 INFO  Car - Speed:   1.0; Angle:   EAST; Position:  25,4; Parcels:      1; Health: 200.0; Health Usage: 200.0; Fuel: 781.0; Tile: ROAD
2019-10-17 21:56:46 INFO  Car - Speed:   1.0; Angle:   EAST; Position:  26,4; Parcels:      1; Health: 200.0; Health Usage: 200.0; Fuel: 780.0; Tile: ROAD
2019-10-17 21:56:46 INFO  Car - Speed:   1.0; Angle:   EAST; Position:  27,4; Parcels:      1; Health: 200.0; Health Usage: 200.0; Fuel: 779.0; Tile: ROAD
2019-10-17 21:56:46 INFO  Car - Speed:   1.0; Angle:   EAST; Position:  28,4; Parcels:      1; Health: 200.0; Health Usage: 200.0; Fuel: 778.0; Tile: ROAD
2019-10-17 21:56:46 INFO  Car - Speed:   1.0; Angle:   EAST; Position:  29,4; Parcels:      1; Health: 200.0; Health Usage: 200.0; Fuel: 777.0; Tile: ROAD
2019-10-17 21:56:46 INFO  Car - Speed:   1.0; Angle:  NORTH; Position:  29,5; Parcels:      1; Health: 200.0; Health Usage: 200.0; Fuel: 776.0; Tile: ROAD
2019-10-17 21:56:46 INFO  Car - Speed:   0.0; Angle:  NORTH; Position:  29,5; Parcels:      1; Health: 200.0; Health Usage: 200.0; Fuel: 776.0; Tile: ROAD
2019-10-17 21:56:46 INFO  Car - Speed:   1.0; Angle:  NORTH; Position:  29,4; Parcels:      1; Health: 200.0; Health Usage: 200.0; Fuel: 775.0; Tile: ROAD
2019-10-17 21:56:46 INFO  Car - Speed:   1.0; Angle:   WEST; Position:  30,4; Parcels:      1; Health: 200.0; Health Usage: 200.0; Fuel: 774.0; Tile: ROAD
2019-10-17 21:56:46 INFO  Car - Speed:   0.0; Angle:   WEST; Position:  30,4; Parcels:      1; Health: 200.0; Health Usage: 200.0; Fuel: 774.0; Tile: ROAD
2019-10-17 21:56:46 INFO  Car - Speed:   1.0; Angle:   WEST; Position:  29,4; Parcels:      1; Health: 200.0; Health Usage: 200.0; Fuel: 773.0; Tile: ROAD
2019-10-17 21:56:46 INFO  Car - Speed:   1.0; Angle:  NORTH; Position:  29,5; Parcels:      1; Health: 200.0; Health Usage: 200.0; Fuel: 772.0; Tile: ROAD
2019-10-17 21:56:46 INFO  Car - Speed:   1.0; Angle:  NORTH; Position:  29,6; Parcels:      1; Health: 200.0; Health Usage: 200.0; Fuel: 771.0; Tile: ROAD
2019-10-17 21:56:46 INFO  Car - Speed:   1.0; Angle:  NORTH; Position:  29,7; Parcels:      1; Health: 200.0; Health Usage: 200.0; Fuel: 770.0; Tile: ROAD
2019-10-17 21:56:47 INFO  Car - Speed:   1.0; Angle:  NORTH; Position:  29,8; Parcels:      1; Health: 200.0; Health Usage: 200.0; Fuel: 769.0; Tile: ROAD
2019-10-17 21:56:47 INFO  Car - Speed:   1.0; Angle:   EAST; Position:  30,8; Parcels:      1; Health: 200.0; Health Usage: 200.0; Fuel: 768.0; Tile: ROAD
2019-10-17 21:56:47 INFO  Car - Speed:   1.0; Angle:  NORTH; Position:  30,9; Parcels:      1; Health: 200.0; Health Usage: 200.0; Fuel: 767.0; Tile: ROAD
2019-10-17 21:56:47 INFO  Car - Speed:   1.0; Angle:  NORTH; Position: 30,10; Parcels:      1; Health: 200.0; Health Usage: 200.0; Fuel: 766.0; Tile: ROAD
2019-10-17 21:56:47 INFO  Car - Speed:   1.0; Angle:  NORTH; Position: 30,11; Parcels:      1; Health: 200.0; Health Usage: 200.0; Fuel: 765.0; Tile: ROAD
2019-10-17 21:56:47 INFO  Car - Speed:   1.0; Angle:  NORTH; Position: 30,12; Parcels:      1; Health: 200.0; Health Usage: 200.0; Fuel: 764.0; Tile: ROAD
2019-10-17 21:56:47 INFO  Car - Speed:   1.0; Angle:  NORTH; Position: 30,13; Parcels:      1; Health: 200.0; Health Usage: 200.0; Fuel: 763.0; Tile: ROAD
2019-10-17 21:56:47 INFO  Car - Speed:   1.0; Angle:  NORTH; Position: 30,14; Parcels:      1; Health: 200.0; Health Usage: 200.0; Fuel: 762.0; Tile: ROAD
2019-10-17 21:56:47 INFO  Car - Speed:   1.0; Angle:  NORTH; Position: 30,15; Parcels:      1; Health: 200.0; Health Usage: 200.0; Fuel: 761.0; Tile: ROAD
2019-10-17 21:56:47 INFO  Car - Speed:   1.0; Angle:  NORTH; Position: 30,16; Parcels:      1; Health: 200.0; Health Usage: 200.0; Fuel: 760.0; Tile: ROAD
2019-10-17 21:56:47 INFO  Car - Speed:   1.0; Angle:  NORTH; Position: 30,17; Parcels:      1; Health: 200.0; Health Usage: 200.0; Fuel: 759.0; Tile: ROAD
2019-10-17 21:56:47 INFO  Car - Speed:   1.0; Angle:  NORTH; Position: 30,18; Parcels:      1; Health: 200.0; Health Usage: 200.0; Fuel: 758.0; Tile: ROAD
2019-10-17 21:56:47 INFO  Car - Speed:   1.0; Angle:   EAST; Position: 31,18; Parcels:      1; Health: 200.0; Health Usage: 200.0; Fuel: 757.0; Tile: ROAD
2019-10-17 21:56:47 INFO  Car - Speed:   1.0; Angle:   EAST; Position: 32,18; Parcels:      1; Health: 200.0; Health Usage: 200.0; Fuel: 756.0; Tile: ROAD
2019-10-17 21:56:47 INFO  Car - Speed:   1.0; Angle:   EAST; Position: 33,18; Parcels:      1; Health: 200.0; Health Usage: 200.0; Fuel: 755.0; Tile: ROAD
2019-10-17 21:56:47 INFO  Car - Speed:   0.0; Angle:   EAST; Position: 33,18; Parcels:      1; Health: 200.0; Health Usage: 200.0; Fuel: 755.0; Tile: ROAD
2019-10-17 21:56:47 INFO  Car - Speed:   1.0; Angle:   EAST; Position: 32,18; Parcels:      1; Health: 200.0; Health Usage: 200.0; Fuel: 754.0; Tile: ROAD
2019-10-17 21:56:48 INFO  Car - Speed:   1.0; Angle:   EAST; Position: 31,18; Parcels:      1; Health: 200.0; Health Usage: 200.0; Fuel: 753.0; Tile: ROAD
2019-10-17 21:56:48 INFO  Car - Speed:   1.0; Angle:   EAST; Position: 30,18; Parcels:      1; Health: 200.0; Health Usage: 200.0; Fuel: 752.0; Tile: ROAD
2019-10-17 21:56:48 INFO  Car - Speed:   1.0; Angle:   EAST; Position: 29,18; Parcels:      1; Health: 200.0; Health Usage: 200.0; Fuel: 751.0; Tile: ROAD
2019-10-17 21:56:48 INFO  Car - Speed:   1.0; Angle:   EAST; Position: 28,18; Parcels:      1; Health: 200.0; Health Usage: 200.0; Fuel: 750.0; Tile: ROAD
2019-10-17 21:56:48 INFO  Car - Speed:   1.0; Angle:   EAST; Position: 27,18; Parcels:      1; Health: 200.0; Health Usage: 200.0; Fuel: 749.0; Tile: ROAD
2019-10-17 21:56:48 INFO  Car - Speed:   1.0; Angle:   EAST; Position: 26,18; Parcels:      1; Health: 200.0; Health Usage: 200.0; Fuel: 748.0; Tile: ROAD
2019-10-17 21:56:48 INFO  Car - Speed:   1.0; Angle:   EAST; Position: 25,18; Parcels:      1; Health: 200.0; Health Usage: 200.0; Fuel: 747.0; Tile: ROAD
2019-10-17 21:56:48 INFO  Car - Speed:   1.0; Angle:   EAST; Position: 24,18; Parcels:      1; Health: 200.0; Health Usage: 200.0; Fuel: 746.0; Tile: ROAD
2019-10-17 21:56:48 INFO  Car - Speed:   1.0; Angle:  SOUTH; Position: 24,19; Parcels:      1; Health: 200.0; Health Usage: 200.0; Fuel: 745.0; Tile: ROAD
2019-10-17 21:56:48 INFO  Car - Speed:   1.0; Angle:  SOUTH; Position: 24,20; Parcels:      1; Health: 200.0; Health Usage: 200.0; Fuel: 744.0; Tile: ROAD
2019-10-17 21:56:48 INFO  Car - Speed:   1.0; Angle:  SOUTH; Position: 24,21; Parcels:      1; Health: 200.0; Health Usage: 200.0; Fuel: 743.0; Tile: ROAD
2019-10-17 21:56:48 INFO  Car - Speed:   1.0; Angle:   WEST; Position: 25,21; Parcels:      1; Health: 200.0; Health Usage: 200.0; Fuel: 742.0; Tile: ROAD
2019-10-17 21:56:48 INFO  Car - Speed:   1.0; Angle:   WEST; Position: 26,21; Parcels:      1; Health: 200.0; Health Usage: 200.0; Fuel: 741.0; Tile: ROAD
2019-10-17 21:56:48 INFO  Car - Speed:   1.0; Angle:   WEST; Position: 27,21; Parcels:      1; Health: 200.0; Health Usage: 200.0; Fuel: 740.0; Tile: ROAD
2019-10-17 21:56:48 INFO  Car - Speed:   1.0; Angle:   WEST; Position: 28,21; Parcels:      1; Health: 200.0; Health Usage: 200.0; Fuel: 739.0; Tile: ROAD
2019-10-17 21:56:49 INFO  Car - Speed:   1.0; Angle:   WEST; Position: 29,21; Parcels:      1; Health: 200.0; Health Usage: 200.0; Fuel: 738.0; Tile: ROAD
2019-10-17 21:56:49 INFO  Car - Speed:   0.0; Angle:   WEST; Position: 29,21; Parcels:      1; Health: 200.0; Health Usage: 200.0; Fuel: 738.0; Tile: ROAD
2019-10-17 21:56:49 INFO  Car - Speed:   1.0; Angle:   WEST; Position: 28,21; Parcels:      1; Health: 200.0; Health Usage: 200.0; Fuel: 737.0; Tile: ROAD
2019-10-17 21:56:49 INFO  Car - Speed:   1.0; Angle:   WEST; Position: 27,21; Parcels:      1; Health: 200.0; Health Usage: 200.0; Fuel: 736.0; Tile: ROAD
2019-10-17 21:56:49 INFO  Car - Speed:   1.0; Angle:   WEST; Position: 26,21; Parcels:      1; Health: 200.0; Health Usage: 200.0; Fuel: 735.0; Tile: ROAD
2019-10-17 21:56:49 INFO  Car - Speed:   1.0; Angle:   WEST; Position: 25,21; Parcels:      1; Health: 200.0; Health Usage: 200.0; Fuel: 734.0; Tile: ROAD
2019-10-17 21:56:49 INFO  Car - Speed:   1.0; Angle:   WEST; Position: 24,21; Parcels:      1; Health: 200.0; Health Usage: 200.0; Fuel: 733.0; Tile: ROAD
2019-10-17 21:56:49 INFO  Car - Speed:   1.0; Angle:   WEST; Position: 23,21; Parcels:      1; Health: 200.0; Health Usage: 200.0; Fuel: 732.0; Tile: ROAD
2019-10-17 21:56:49 INFO  Car - Speed:   1.0; Angle:   WEST; Position: 22,21; Parcels:      1; Health: 200.0; Health Usage: 200.0; Fuel: 731.0; Tile: ROAD
2019-10-17 21:56:49 INFO  Car - Speed:   1.0; Angle:   WEST; Position: 21,21; Parcels:      1; Health: 200.0; Health Usage: 200.0; Fuel: 730.0; Tile: ROAD
2019-10-17 21:56:49 INFO  Car - Speed:   1.0; Angle:   WEST; Position: 20,21; Parcels:      1; Health: 200.0; Health Usage: 200.0; Fuel: 729.0; Tile: ROAD
2019-10-17 21:56:49 INFO  Car - Speed:   1.0; Angle:   WEST; Position: 19,21; Parcels:      1; Health: 200.0; Health Usage: 200.0; Fuel: 728.0; Tile: ROAD
2019-10-17 21:56:49 INFO  Car - Speed:   1.0; Angle:   WEST; Position: 18,21; Parcels:      1; Health: 200.0; Health Usage: 200.0; Fuel: 727.0; Tile: ROAD
2019-10-17 21:56:49 INFO  Car - Speed:   1.0; Angle:   WEST; Position: 17,21; Parcels:      1; Health: 200.0; Health Usage: 200.0; Fuel: 726.0; Tile: ROAD
2019-10-17 21:56:49 INFO  Car - Speed:   1.0; Angle:   WEST; Position: 16,21; Parcels:      1; Health: 200.0; Health Usage: 200.0; Fuel: 725.0; Tile: ROAD
2019-10-17 21:56:49 INFO  Car - Speed:   1.0; Angle:   WEST; Position: 15,21; Parcels:      1; Health: 200.0; Health Usage: 200.0; Fuel: 724.0; Tile: ROAD
2019-10-17 21:56:50 INFO  Car - Speed:   1.0; Angle:   WEST; Position: 14,21; Parcels:      1; Health: 200.0; Health Usage: 200.0; Fuel: 723.0; Tile: ROAD
2019-10-17 21:56:50 INFO  Car - Speed:   1.0; Angle:  NORTH; Position: 14,22; Parcels:      1; Health: 200.0; Health Usage: 200.0; Fuel: 722.0; Tile: ROAD
2019-10-17 21:56:50 INFO  Car - Speed:   1.0; Angle:  NORTH; Position: 14,23; Parcels:      1; Health: 200.0; Health Usage: 200.0; Fuel: 721.0; Tile: ROAD
2019-10-17 21:56:50 INFO  Car - Speed:   1.0; Angle:  NORTH; Position: 14,24; Parcels:      1; Health: 200.0; Health Usage: 200.0; Fuel: 720.0; Tile: ROAD
2019-10-17 21:56:50 INFO  Car - Speed:   1.0; Angle:  NORTH; Position: 14,25; Parcels:      1; Health: 200.0; Health Usage: 200.0; Fuel: 719.0; Tile: ROAD
2019-10-17 21:56:50 INFO  Car - Speed:   1.0; Angle:  NORTH; Position: 14,26; Parcels:      1; Health: 200.0; Health Usage: 200.0; Fuel: 718.0; Tile: ROAD
2019-10-17 21:56:50 INFO  Car - Speed:   1.0; Angle:   EAST; Position: 15,26; Parcels:      1; Health: 200.0; Health Usage: 200.0; Fuel: 717.0; Tile: ROAD
2019-10-17 21:56:50 INFO  Car - Speed:   1.0; Angle:   EAST; Position: 16,26; Parcels:      1; Health: 200.0; Health Usage: 200.0; Fuel: 716.0; Tile: ROAD
2019-10-17 21:56:50 INFO  Car - Speed:   1.0; Angle:   EAST; Position: 17,26; Parcels:      1; Health: 200.0; Health Usage: 200.0; Fuel: 715.0; Tile: ROAD
2019-10-17 21:56:50 INFO  Car - Speed:   1.0; Angle:   EAST; Position: 18,26; Parcels:      1; Health: 200.0; Health Usage: 200.0; Fuel: 714.0; Tile: ROAD
2019-10-17 21:56:50 INFO  Car - Speed:   1.0; Angle:   EAST; Position: 19,26; Parcels:      1; Health: 200.0; Health Usage: 200.0; Fuel: 713.0; Tile: ROAD
2019-10-17 21:56:50 INFO  Car - Speed:   1.0; Angle:   EAST; Position: 20,26; Parcels:      1; Health: 200.0; Health Usage: 200.0; Fuel: 712.0; Tile: ROAD
2019-10-17 21:56:50 INFO  Car - Speed:   1.0; Angle:   EAST; Position: 21,26; Parcels:      1; Health: 200.0; Health Usage: 200.0; Fuel: 711.0; Tile: ROAD
2019-10-17 21:56:50 INFO  Car - Speed:   1.0; Angle:   EAST; Position: 22,26; Parcels:      1; Health: 200.0; Health Usage: 200.0; Fuel: 710.0; Tile: ROAD
2019-10-17 21:56:50 INFO  Car - Speed:   1.0; Angle:   EAST; Position: 23,26; Parcels:      1; Health: 200.0; Health Usage: 200.0; Fuel: 709.0; Tile: ROAD
2019-10-17 21:56:50 INFO  Car - Speed:   1.0; Angle:   EAST; Position: 24,26; Parcels:      1; Health: 200.0; Health Usage: 200.0; Fuel: 708.0; Tile: ROAD
2019-10-17 21:56:51 INFO  Car - Speed:   1.0; Angle:   EAST; Position: 25,26; Parcels:      1; Health: 200.0; Health Usage: 200.0; Fuel: 707.0; Tile: ROAD
2019-10-17 21:56:51 INFO  Car - Speed:   1.0; Angle:   EAST; Position: 26,26; Parcels:      1; Health: 200.0; Health Usage: 200.0; Fuel: 706.0; Tile: ROAD
2019-10-17 21:56:51 INFO  Car - Speed:   1.0; Angle:   EAST; Position: 27,26; Parcels:      1; Health: 200.0; Health Usage: 200.0; Fuel: 705.0; Tile: ROAD
2019-10-17 21:56:51 INFO  Car - Speed:   1.0; Angle:   EAST; Position: 28,26; Parcels:      1; Health: 200.0; Health Usage: 200.0; Fuel: 704.0; Tile: ROAD
2019-10-17 21:56:51 INFO  Car - Speed:   1.0; Angle:   EAST; Position: 29,26; Parcels:      1; Health: 200.0; Health Usage: 200.0; Fuel: 703.0; Tile: ROAD
2019-10-17 21:56:51 INFO  Car - Speed:   1.0; Angle:   EAST; Position: 30,26; Parcels:      1; Health: 200.0; Health Usage: 200.0; Fuel: 702.0; Tile: ROAD
2019-10-17 21:56:51 INFO  Car - Speed:   1.0; Angle:   EAST; Position: 31,26; Parcels:      2; Health: 200.0; Health Usage: 200.0; Fuel: 701.0; Tile: ROAD
2019-10-17 21:56:51 INFO  Car - Speed:   0.0; Angle:   EAST; Position: 31,26; Parcels:      2; Health: 200.0; Health Usage: 200.0; Fuel: 701.0; Tile: ROAD
2019-10-17 21:56:51 INFO  Car - Speed:   1.0; Angle:   EAST; Position: 30,26; Parcels:      2; Health: 200.0; Health Usage: 200.0; Fuel: 700.0; Tile: ROAD
2019-10-17 21:56:51 INFO  Car - Speed:   1.0; Angle:   EAST; Position: 29,26; Parcels:      2; Health: 200.0; Health Usage: 200.0; Fuel: 699.0; Tile: ROAD
2019-10-17 21:56:51 INFO  Car - Speed:   1.0; Angle:   EAST; Position: 28,26; Parcels:      2; Health: 200.0; Health Usage: 200.0; Fuel: 698.0; Tile: ROAD
2019-10-17 21:56:51 INFO  Car - Speed:   1.0; Angle:   EAST; Position: 27,26; Parcels:      2; Health: 200.0; Health Usage: 200.0; Fuel: 697.0; Tile: ROAD
2019-10-17 21:56:51 INFO  Car - Speed:   1.0; Angle:   EAST; Position: 26,26; Parcels:      2; Health: 200.0; Health Usage: 200.0; Fuel: 696.0; Tile: ROAD
2019-10-17 21:56:51 INFO  Car - Speed:   1.0; Angle:   EAST; Position: 25,26; Parcels:      2; Health: 200.0; Health Usage: 200.0; Fuel: 695.0; Tile: ROAD
2019-10-17 21:56:51 INFO  Car - Speed:   1.0; Angle:   EAST; Position: 24,26; Parcels:      2; Health: 200.0; Health Usage: 200.0; Fuel: 694.0; Tile: ROAD
2019-10-17 21:56:51 INFO  Car - Speed:   1.0; Angle:   EAST; Position: 23,26; Parcels:      2; Health: 200.0; Health Usage: 200.0; Fuel: 693.0; Tile: ROAD
2019-10-17 21:56:51 INFO  Car - Speed:   1.0; Angle:   EAST; Position: 22,26; Parcels:      2; Health: 200.0; Health Usage: 200.0; Fuel: 692.0; Tile: ROAD
2019-10-17 21:56:52 INFO  Car - Speed:   1.0; Angle:   EAST; Position: 21,26; Parcels:      2; Health: 200.0; Health Usage: 200.0; Fuel: 691.0; Tile: ROAD
2019-10-17 21:56:52 INFO  Car - Speed:   1.0; Angle:   EAST; Position: 20,26; Parcels:      2; Health: 200.0; Health Usage: 200.0; Fuel: 690.0; Tile: ROAD
2019-10-17 21:56:52 INFO  Car - Speed:   1.0; Angle:   EAST; Position: 19,26; Parcels:      2; Health: 200.0; Health Usage: 200.0; Fuel: 689.0; Tile: ROAD
2019-10-17 21:56:52 INFO  Car - Speed:   1.0; Angle:   EAST; Position: 18,26; Parcels:      2; Health: 200.0; Health Usage: 200.0; Fuel: 688.0; Tile: ROAD
2019-10-17 21:56:52 INFO  Car - Speed:   1.0; Angle:   EAST; Position: 17,26; Parcels:      2; Health: 200.0; Health Usage: 200.0; Fuel: 687.0; Tile: ROAD
2019-10-17 21:56:52 INFO  Car - Speed:   1.0; Angle:   EAST; Position: 16,26; Parcels:      2; Health: 200.0; Health Usage: 200.0; Fuel: 686.0; Tile: ROAD
2019-10-17 21:56:52 INFO  Car - Speed:   1.0; Angle:   EAST; Position: 15,26; Parcels:      2; Health: 200.0; Health Usage: 200.0; Fuel: 685.0; Tile: ROAD
2019-10-17 21:56:52 INFO  Car - Speed:   1.0; Angle:   EAST; Position: 14,26; Parcels:      2; Health: 200.0; Health Usage: 200.0; Fuel: 684.0; Tile: ROAD
2019-10-17 21:56:52 INFO  Car - Speed:   1.0; Angle:  NORTH; Position: 14,25; Parcels:      2; Health: 200.0; Health Usage: 200.0; Fuel: 683.0; Tile: ROAD
2019-10-17 21:56:52 INFO  Car - Speed:   1.0; Angle:  NORTH; Position: 14,24; Parcels:      2; Health: 200.0; Health Usage: 200.0; Fuel: 682.0; Tile: ROAD
2019-10-17 21:56:52 INFO  Car - Speed:   1.0; Angle:  NORTH; Position: 14,23; Parcels:      2; Health: 200.0; Health Usage: 200.0; Fuel: 681.0; Tile: ROAD
2019-10-17 21:56:52 INFO  Car - Speed:   1.0; Angle:  NORTH; Position: 14,22; Parcels:      2; Health: 200.0; Health Usage: 200.0; Fuel: 680.0; Tile: ROAD
2019-10-17 21:56:52 INFO  Car - Speed:   1.0; Angle:  NORTH; Position: 14,21; Parcels:      2; Health: 200.0; Health Usage: 200.0; Fuel: 679.0; Tile: ROAD
2019-10-17 21:56:52 INFO  Car - Speed:   1.0; Angle:   WEST; Position: 15,21; Parcels:      2; Health: 200.0; Health Usage: 200.0; Fuel: 678.0; Tile: ROAD
2019-10-17 21:56:52 INFO  Car - Speed:   1.0; Angle:   WEST; Position: 16,21; Parcels:      2; Health: 200.0; Health Usage: 200.0; Fuel: 677.0; Tile: ROAD
2019-10-17 21:56:52 INFO  Car - Speed:   1.0; Angle:   WEST; Position: 17,21; Parcels:      2; Health: 200.0; Health Usage: 200.0; Fuel: 676.0; Tile: ROAD
2019-10-17 21:56:53 INFO  Car - Speed:   1.0; Angle:   WEST; Position: 18,21; Parcels:      2; Health: 200.0; Health Usage: 200.0; Fuel: 675.0; Tile: ROAD
2019-10-17 21:56:53 INFO  Car - Speed:   1.0; Angle:   WEST; Position: 19,21; Parcels:      2; Health: 200.0; Health Usage: 200.0; Fuel: 674.0; Tile: ROAD
2019-10-17 21:56:53 INFO  Car - Speed:   1.0; Angle:   WEST; Position: 20,21; Parcels:      2; Health: 200.0; Health Usage: 200.0; Fuel: 673.0; Tile: ROAD
2019-10-17 21:56:53 INFO  Car - Speed:   1.0; Angle:   WEST; Position: 21,21; Parcels:      2; Health: 200.0; Health Usage: 200.0; Fuel: 672.0; Tile: ROAD
2019-10-17 21:56:53 INFO  Car - Speed:   1.0; Angle:   WEST; Position: 22,21; Parcels:      2; Health: 200.0; Health Usage: 200.0; Fuel: 671.0; Tile: ROAD
2019-10-17 21:56:53 INFO  Car - Speed:   1.0; Angle:   WEST; Position: 23,21; Parcels:      2; Health: 200.0; Health Usage: 200.0; Fuel: 670.0; Tile: ROAD
2019-10-17 21:56:53 INFO  Car - Speed:   1.0; Angle:   WEST; Position: 24,21; Parcels:      2; Health: 200.0; Health Usage: 200.0; Fuel: 669.0; Tile: ROAD
2019-10-17 21:56:53 INFO  Car - Speed:   1.0; Angle:   WEST; Position: 25,21; Parcels:      2; Health: 200.0; Health Usage: 200.0; Fuel: 668.0; Tile: ROAD
2019-10-17 21:56:53 INFO  Car - Speed:   1.0; Angle:   WEST; Position: 26,21; Parcels:      2; Health: 200.0; Health Usage: 200.0; Fuel: 667.0; Tile: ROAD
2019-10-17 21:56:53 INFO  Car - Speed:   1.0; Angle:   WEST; Position: 27,21; Parcels:      2; Health: 200.0; Health Usage: 200.0; Fuel: 666.0; Tile: ROAD
2019-10-17 21:56:53 INFO  Car - Speed:   1.0; Angle:   WEST; Position: 28,21; Parcels:      2; Health: 200.0; Health Usage: 200.0; Fuel: 665.0; Tile: ROAD
2019-10-17 21:56:53 INFO  Car - Speed:   1.0; Angle:   WEST; Position: 29,21; Parcels:      2; Health: 200.0; Health Usage: 200.0; Fuel: 664.0; Tile: ROAD
2019-10-17 21:56:53 INFO  Car - Speed:   1.0; Angle:   WEST; Position: 30,21; Parcels:      2; Health: 200.0; Health Usage: 200.0; Fuel: 663.0; Tile: ROAD
2019-10-17 21:56:53 INFO  Car - Speed:   1.0; Angle:   WEST; Position: 31,21; Parcels:      2; Health: 200.0; Health Usage: 200.0; Fuel: 662.0; Tile: ROAD
2019-10-17 21:56:53 INFO  Car - Speed:   1.0; Angle:   WEST; Position: 32,21; Parcels:      2; Health: 200.0; Health Usage: 200.0; Fuel: 661.0; Tile: ROAD
2019-10-17 21:56:53 INFO  Car - Speed:   1.0; Angle:   WEST; Position: 33,21; Parcels:      2; Health: 200.0; Health Usage: 200.0; Fuel: 660.0; Tile: ROAD
2019-10-17 21:56:54 INFO  Car - Speed:   1.0; Angle:  SOUTH; Position: 33,22; Parcels:      2; Health: 200.0; Health Usage: 200.0; Fuel: 659.0; Tile: ROAD
2019-10-17 21:56:54 INFO  Car - Speed:   1.0; Angle:  SOUTH; Position: 33,23; Parcels:      2; Health: 200.0; Health Usage: 200.0; Fuel: 658.0; Tile: ROAD
2019-10-17 21:56:54 INFO  Car - Speed:   1.0; Angle:  SOUTH; Position: 33,24; Parcels:      2; Health: 200.0; Health Usage: 200.0; Fuel: 657.0; Tile: ROAD
2019-10-17 21:56:54 INFO  Car - Speed:   1.0; Angle:  SOUTH; Position: 33,25; Parcels:      2; Health: 200.0; Health Usage: 200.0; Fuel: 656.0; Tile: ROAD
2019-10-17 21:56:54 INFO  Car - Speed:   1.0; Angle:   WEST; Position: 34,25; Parcels:      2; Health: 200.0; Health Usage: 200.0; Fuel: 655.0; Tile: ROAD
2019-10-17 21:56:54 INFO  Car - Speed:   1.0; Angle:   WEST; Position: 35,25; Parcels:      2; Health: 200.0; Health Usage: 200.0; Fuel: 654.0; Tile: ROAD
2019-10-17 21:56:54 INFO  Car - Speed:   1.0; Angle:   WEST; Position: 36,25; Parcels:      2; Health: 200.0; Health Usage: 200.0; Fuel: 653.0; Tile: ROAD
2019-10-17 21:56:54 INFO  Car - Speed:   1.0; Angle:   WEST; Position: 37,25; Parcels:      2; Health: 200.0; Health Usage: 200.0; Fuel: 652.0; Tile: ROAD
2019-10-17 21:56:54 INFO  Car - Speed:   1.0; Angle:   WEST; Position: 38,25; Parcels:      2; Health: 200.0; Health Usage: 200.0; Fuel: 651.0; Tile: ROAD
2019-10-17 21:56:54 INFO  Car - Speed:   1.0; Angle:   WEST; Position: 39,25; Parcels:      2; Health: 200.0; Health Usage: 200.0; Fuel: 650.0; Tile: ROAD
2019-10-17 21:56:54 INFO  Car - Speed:   1.0; Angle:   WEST; Position: 40,25; Parcels:      2; Health: 200.0; Health Usage: 200.0; Fuel: 649.0; Tile: ROAD
2019-10-17 21:56:54 INFO  Car - Speed:   1.0; Angle:   WEST; Position: 41,25; Parcels:      2; Health: 200.0; Health Usage: 200.0; Fuel: 648.0; Tile: ROAD
2019-10-17 21:56:55 INFO  Car - Speed:   1.0; Angle:   WEST; Position: 42,25; Parcels:      2; Health: 200.0; Health Usage: 200.0; Fuel: 647.0; Tile: ROAD
2019-10-17 21:56:55 INFO  Car - Speed:   1.0; Angle:   WEST; Position: 43,25; Parcels:      2; Health: 200.0; Health Usage: 200.0; Fuel: 646.0; Tile: ROAD
2019-10-17 21:56:55 INFO  Car - Speed:   1.0; Angle:   WEST; Position: 44,25; Parcels:      2; Health: 200.0; Health Usage: 200.0; Fuel: 645.0; Tile: ROAD
2019-10-17 21:56:55 INFO  Car - Speed:   1.0; Angle:   WEST; Position: 45,25; Parcels:      2; Health: 200.0; Health Usage: 200.0; Fuel: 644.0; Tile: ROAD
2019-10-17 21:56:55 INFO  Car - Speed:   1.0; Angle:  NORTH; Position: 45,24; Parcels:      2; Health: 200.0; Health Usage: 200.0; Fuel: 643.0; Tile: ROAD
2019-10-17 21:56:55 INFO  Car - Speed:   1.0; Angle:  NORTH; Position: 45,23; Parcels:      2; Health: 200.0; Health Usage: 200.0; Fuel: 642.0; Tile: ROAD
2019-10-17 21:56:55 INFO  Car - Speed:   1.0; Angle:  NORTH; Position: 45,22; Parcels:      2; Health: 200.0; Health Usage: 200.0; Fuel: 641.0; Tile: ROAD
2019-10-17 21:56:55 INFO  Car - Speed:   1.0; Angle:  NORTH; Position: 45,21; Parcels:      2; Health: 200.0; Health Usage: 200.0; Fuel: 640.0; Tile: ROAD
2019-10-17 21:56:55 INFO  Car - Speed:   1.0; Angle:  NORTH; Position: 45,20; Parcels:      2; Health: 200.0; Health Usage: 200.0; Fuel: 639.0; Tile: ROAD
2019-10-17 21:56:55 INFO  Car - Speed:   1.0; Angle:   EAST; Position: 44,20; Parcels:      2; Health: 200.0; Health Usage: 200.0; Fuel: 638.0; Tile: ROAD
2019-10-17 21:56:55 INFO  Car - Speed:   1.0; Angle:   EAST; Position: 43,20; Parcels:      2; Health: 200.0; Health Usage: 200.0; Fuel: 637.0; Tile: ROAD
2019-10-17 21:56:55 INFO  Car - Speed:   1.0; Angle:   EAST; Position: 42,20; Parcels:      2; Health: 200.0; Health Usage: 200.0; Fuel: 636.0; Tile: ROAD
2019-10-17 21:56:55 INFO  Car - Speed:   1.0; Angle:  NORTH; Position: 42,19; Parcels:      2; Health: 200.0; Health Usage: 200.0; Fuel: 635.0; Tile: ROAD
2019-10-17 21:56:55 INFO  Car - Speed:   1.0; Angle:  NORTH; Position: 42,18; Parcels:      2; Health: 200.0; Health Usage: 200.0; Fuel: 634.0; Tile: ROAD
2019-10-17 21:56:55 INFO  Car - Speed:   1.0; Angle:  NORTH; Position: 42,17; Parcels:      2; Health: 200.0; Health Usage: 200.0; Fuel: 633.0; Tile: ROAD
2019-10-17 21:56:55 INFO  Car - Speed:   1.0; Angle:  NORTH; Position: 42,16; Parcels:      2; Health: 200.0; Health Usage: 200.0; Fuel: 632.0; Tile: ROAD
2019-10-17 21:56:55 INFO  Car - Speed:   1.0; Angle:  NORTH; Position: 42,15; Parcels:      2; Health: 200.0; Health Usage: 200.0; Fuel: 631.0; Tile: ROAD
2019-10-17 21:56:55 INFO  Car - Speed:   1.0; Angle:  NORTH; Position: 42,14; Parcels:      2; Health: 200.0; Health Usage: 200.0; Fuel: 630.0; Tile: ROAD
2019-10-17 21:56:56 INFO  Car - Speed:   1.0; Angle:  NORTH; Position: 42,13; Parcels:      2; Health: 200.0; Health Usage: 200.0; Fuel: 629.0; Tile: ROAD
2019-10-17 21:56:56 INFO  Car - Speed:   1.0; Angle:  NORTH; Position: 42,12; Parcels:      2; Health: 200.0; Health Usage: 200.0; Fuel: 628.0; Tile: ROAD
2019-10-17 21:56:56 INFO  Car - Speed:   1.0; Angle:  NORTH; Position: 42,11; Parcels:      2; Health: 200.0; Health Usage: 200.0; Fuel: 627.0; Tile: ROAD
2019-10-17 21:56:56 INFO  Car - Speed:   1.0; Angle:  NORTH; Position: 42,10; Parcels:      2; Health: 200.0; Health Usage: 200.0; Fuel: 626.0; Tile: ROAD
2019-10-17 21:56:56 INFO  Car - Speed:   0.0; Angle:  NORTH; Position: 42,10; Parcels:      2; Health: 200.0; Health Usage: 200.0; Fuel: 626.0; Tile: ROAD
2019-10-17 21:56:56 INFO  Car - Speed:   1.0; Angle:  NORTH; Position: 42,11; Parcels:      2; Health: 200.0; Health Usage: 200.0; Fuel: 625.0; Tile: ROAD
2019-10-17 21:56:56 INFO  Car - Speed:   1.0; Angle:  NORTH; Position: 42,12; Parcels:      2; Health: 200.0; Health Usage: 200.0; Fuel: 624.0; Tile: ROAD
2019-10-17 21:56:56 INFO  Car - Speed:   1.0; Angle:  NORTH; Position: 42,13; Parcels:      2; Health: 200.0; Health Usage: 200.0; Fuel: 623.0; Tile: ROAD
2019-10-17 21:56:56 INFO  Car - Speed:   1.0; Angle:  NORTH; Position: 42,14; Parcels:      2; Health: 200.0; Health Usage: 200.0; Fuel: 622.0; Tile: ROAD
2019-10-17 21:56:56 INFO  Car - Speed:   1.0; Angle:  NORTH; Position: 42,15; Parcels:      2; Health: 200.0; Health Usage: 200.0; Fuel: 621.0; Tile: ROAD
2019-10-17 21:56:56 INFO  Car - Speed:   1.0; Angle:  NORTH; Position: 42,16; Parcels:      2; Health: 200.0; Health Usage: 200.0; Fuel: 620.0; Tile: ROAD
2019-10-17 21:56:56 INFO  Car - Speed:   1.0; Angle:  NORTH; Position: 42,17; Parcels:      2; Health: 200.0; Health Usage: 200.0; Fuel: 619.0; Tile: ROAD
2019-10-17 21:56:56 INFO  Car - Speed:   1.0; Angle:  NORTH; Position: 42,18; Parcels:      2; Health: 200.0; Health Usage: 200.0; Fuel: 618.0; Tile: ROAD
2019-10-17 21:56:56 INFO  Car - Speed:   1.0; Angle:  NORTH; Position: 42,19; Parcels:      2; Health: 200.0; Health Usage: 200.0; Fuel: 617.0; Tile: ROAD
2019-10-17 21:56:56 INFO  Car - Speed:   1.0; Angle:   WEST; Position: 41,19; Parcels:      2; Health: 200.0; Health Usage: 200.0; Fuel: 616.0; Tile: ROAD
2019-10-17 21:56:57 INFO  Car - Speed:   1.0; Angle:   WEST; Position: 40,19; Parcels:      2; Health: 200.0; Health Usage: 200.0; Fuel: 615.0; Tile: ROAD
2019-10-17 21:56:57 INFO  Car - Speed:   1.0; Angle:  SOUTH; Position: 40,18; Parcels:      2; Health: 200.0; Health Usage: 200.0; Fuel: 614.0; Tile: ROAD
2019-10-17 21:56:57 INFO  Car - Speed:   1.0; Angle:  SOUTH; Position: 40,17; Parcels:      2; Health: 200.0; Health Usage: 200.0; Fuel: 613.0; Tile: ROAD
2019-10-17 21:56:57 INFO  Car - Speed:   1.0; Angle:  SOUTH; Position: 40,16; Parcels:      2; Health: 200.0; Health Usage: 200.0; Fuel: 612.0; Tile: ROAD
2019-10-17 21:56:57 INFO  Car - Speed:   1.0; Angle:  SOUTH; Position: 40,15; Parcels:      2; Health: 200.0; Health Usage: 200.0; Fuel: 611.0; Tile: ROAD
2019-10-17 21:56:57 INFO  Car - Speed:   1.0; Angle:  SOUTH; Position: 40,14; Parcels:      2; Health: 200.0; Health Usage: 200.0; Fuel: 610.0; Tile: ROAD
2019-10-17 21:56:57 INFO  Car - Speed:   1.0; Angle:  SOUTH; Position: 40,13; Parcels:      2; Health: 200.0; Health Usage: 200.0; Fuel: 609.0; Tile: ROAD
2019-10-17 21:56:57 INFO  Car - Speed:   0.0; Angle:  SOUTH; Position: 40,13; Parcels:      2; Health: 200.0; Health Usage: 200.0; Fuel: 609.0; Tile: ROAD
2019-10-17 21:56:57 INFO  Car - Speed:   1.0; Angle:  SOUTH; Position: 40,14; Parcels:      2; Health: 200.0; Health Usage: 200.0; Fuel: 608.0; Tile: ROAD
2019-10-17 21:56:57 INFO  Car - Speed:   1.0; Angle:  SOUTH; Position: 40,15; Parcels:      2; Health: 200.0; Health Usage: 200.0; Fuel: 607.0; Tile: ROAD
2019-10-17 21:56:57 INFO  Car - Speed:   1.0; Angle:  SOUTH; Position: 40,16; Parcels:      2; Health: 200.0; Health Usage: 200.0; Fuel: 606.0; Tile: ROAD
2019-10-17 21:56:57 INFO  Car - Speed:   1.0; Angle:  SOUTH; Position: 40,17; Parcels:      2; Health: 200.0; Health Usage: 200.0; Fuel: 605.0; Tile: ROAD
2019-10-17 21:56:57 INFO  Car - Speed:   1.0; Angle:  SOUTH; Position: 40,18; Parcels:      2; Health: 200.0; Health Usage: 200.0; Fuel: 604.0; Tile: ROAD
2019-10-17 21:56:57 INFO  Car - Speed:   1.0; Angle:   EAST; Position: 39,18; Parcels:      2; Health: 200.0; Health Usage: 200.0; Fuel: 603.0; Tile: ROAD
2019-10-17 21:56:58 INFO  Car - Speed:   1.0; Angle:   EAST; Position: 38,18; Parcels:      2; Health: 200.0; Health Usage: 200.0; Fuel: 602.0; Tile: ROAD
2019-10-17 21:56:58 INFO  Car - Speed:   1.0; Angle:   EAST; Position: 37,18; Parcels:      2; Health: 200.0; Health Usage: 200.0; Fuel: 601.0; Tile: ROAD
2019-10-17 21:56:58 INFO  Car - Speed:   1.0; Angle:   EAST; Position: 36,18; Parcels:      2; Health: 200.0; Health Usage: 200.0; Fuel: 600.0; Tile: ROAD
2019-10-17 21:56:58 INFO  Car - Speed:   1.0; Angle:   EAST; Position: 35,18; Parcels:      2; Health: 200.0; Health Usage: 200.0; Fuel: 599.0; Tile: ROAD
2019-10-17 21:56:58 INFO  Car - Speed:   1.0; Angle:   EAST; Position: 34,18; Parcels:      2; Health: 200.0; Health Usage: 200.0; Fuel: 598.0; Tile: ROAD
2019-10-17 21:56:58 INFO  Car - Speed:   1.0; Angle:  NORTH; Position: 34,17; Parcels:      2; Health: 200.0; Health Usage: 200.0; Fuel: 597.0; Tile: ROAD
2019-10-17 21:56:58 INFO  Car - Speed:   1.0; Angle:  NORTH; Position: 34,16; Parcels:      2; Health: 200.0; Health Usage: 200.0; Fuel: 596.0; Tile: ROAD
2019-10-17 21:56:58 INFO  Car - Speed:   1.0; Angle:  NORTH; Position: 34,15; Parcels:      2; Health: 200.0; Health Usage: 200.0; Fuel: 595.0; Tile: ROAD
2019-10-17 21:56:58 INFO  Car - Speed:   1.0; Angle:   WEST; Position: 35,15; Parcels:      2; Health: 200.0; Health Usage: 200.0; Fuel: 594.0; Tile: ROAD
2019-10-17 21:56:58 INFO  Car - Speed:   1.0; Angle:  NORTH; Position: 35,14; Parcels:      2; Health: 200.0; Health Usage: 200.0; Fuel: 593.0; Tile: ROAD
2019-10-17 21:56:58 INFO  Car - Speed:   1.0; Angle:  NORTH; Position: 35,13; Parcels:      2; Health: 200.0; Health Usage: 200.0; Fuel: 592.0; Tile: ROAD
2019-10-17 21:56:58 INFO  Car - Speed:   1.0; Angle:  NORTH; Position: 35,12; Parcels:      2; Health: 200.0; Health Usage: 200.0; Fuel: 591.0; Tile: ROAD
2019-10-17 21:56:58 INFO  Car - Speed:   1.0; Angle:   EAST; Position: 34,12; Parcels:      2; Health: 200.0; Health Usage: 200.0; Fuel: 590.0; Tile: ROAD
2019-10-17 21:56:58 INFO  Car - Speed:   1.0; Angle:  NORTH; Position: 34,11; Parcels:      2; Health: 200.0; Health Usage: 200.0; Fuel: 589.0; Tile: ROAD
2019-10-17 21:56:59 INFO  Car - Speed:   0.0; Angle:  NORTH; Position: 34,11; Parcels:      2; Health: 200.0; Health Usage: 200.0; Fuel: 589.0; Tile: ROAD
2019-10-17 21:56:59 INFO  Car - Speed:   1.0; Angle:  NORTH; Position: 34,12; Parcels:      2; Health: 200.0; Health Usage: 200.0; Fuel: 588.0; Tile: ROAD
2019-10-17 21:56:59 INFO  Car - Speed:   1.0; Angle:   EAST; Position: 35,12; Parcels:      2; Health: 200.0; Health Usage: 200.0; Fuel: 587.0; Tile: ROAD
2019-10-17 21:56:59 INFO  Car - Speed:   1.0; Angle:  NORTH; Position: 35,13; Parcels:      2; Health: 200.0; Health Usage: 200.0; Fuel: 586.0; Tile: ROAD
2019-10-17 21:56:59 INFO  Car - Speed:   1.0; Angle:  NORTH; Position: 35,14; Parcels:      2; Health: 200.0; Health Usage: 200.0; Fuel: 585.0; Tile: ROAD
2019-10-17 21:56:59 INFO  Car - Speed:   1.0; Angle:   WEST; Position: 34,14; Parcels:      2; Health: 200.0; Health Usage: 200.0; Fuel: 584.0; Tile: ROAD
2019-10-17 21:56:59 INFO  Car - Speed:   1.0; Angle:  NORTH; Position: 34,15; Parcels:      2; Health: 200.0; Health Usage: 200.0; Fuel: 583.0; Tile: ROAD
2019-10-17 21:56:59 INFO  Car - Speed:   1.0; Angle:  NORTH; Position: 34,16; Parcels:      2; Health: 200.0; Health Usage: 200.0; Fuel: 582.0; Tile: ROAD
2019-10-17 21:56:59 INFO  Car - Speed:   1.0; Angle:  NORTH; Position: 34,17; Parcels:      2; Health: 200.0; Health Usage: 200.0; Fuel: 581.0; Tile: ROAD
2019-10-17 21:56:59 INFO  Car - Speed:   1.0; Angle:  NORTH; Position: 34,18; Parcels:      2; Health: 200.0; Health Usage: 200.0; Fuel: 580.0; Tile: ROAD
2019-10-17 21:56:59 INFO  Car - Speed:   1.0; Angle:   EAST; Position: 35,18; Parcels:      2; Health: 200.0; Health Usage: 200.0; Fuel: 579.0; Tile: ROAD
2019-10-17 21:56:59 INFO  Car - Speed:   1.0; Angle:   EAST; Position: 36,18; Parcels:      2; Health: 200.0; Health Usage: 200.0; Fuel: 578.0; Tile: ROAD
2019-10-17 21:56:59 INFO  Car - Speed:   1.0; Angle:   EAST; Position: 37,18; Parcels:      2; Health: 200.0; Health Usage: 200.0; Fuel: 577.0; Tile: ROAD
2019-10-17 21:56:59 INFO  Car - Speed:   1.0; Angle:  NORTH; Position: 37,19; Parcels:      2; Health: 200.0; Health Usage: 200.0; Fuel: 576.0; Tile: ROAD
2019-10-17 21:56:59 INFO  Car - Speed:   1.0; Angle:   EAST; Position: 38,19; Parcels:      2; Health: 200.0; Health Usage: 200.0; Fuel: 575.0; Tile: ROAD
2019-10-17 21:56:59 INFO  Car - Speed:   1.0; Angle:   EAST; Position: 39,19; Parcels:      2; Health: 200.0; Health Usage: 200.0; Fuel: 574.0; Tile: ROAD
2019-10-17 21:56:59 INFO  Car - Speed:   1.0; Angle:   EAST; Position: 40,19; Parcels:      2; Health: 200.0; Health Usage: 200.0; Fuel: 573.0; Tile: ROAD
2019-10-17 21:56:59 INFO  Car - Speed:   1.0; Angle:   EAST; Position: 41,19; Parcels:      2; Health: 200.0; Health Usage: 200.0; Fuel: 572.0; Tile: ROAD
2019-10-17 21:57:00 INFO  Car - Speed:   1.0; Angle:   EAST; Position: 42,19; Parcels:      2; Health: 200.0; Health Usage: 200.0; Fuel: 571.0; Tile: ROAD
2019-10-17 21:57:00 INFO  Car - Speed:   1.0; Angle:  SOUTH; Position: 42,18; Parcels:      2; Health: 200.0; Health Usage: 200.0; Fuel: 570.0; Tile: ROAD
2019-10-17 21:57:00 INFO  Car - Speed:   1.0; Angle:  SOUTH; Position: 42,17; Parcels:      2; Health: 200.0; Health Usage: 200.0; Fuel: 569.0; Tile: ROAD
2019-10-17 21:57:00 INFO  Car - Speed:   1.0; Angle:  SOUTH; Position: 42,16; Parcels:      2; Health: 200.0; Health Usage: 200.0; Fuel: 568.0; Tile: ROAD
2019-10-17 21:57:00 INFO  Car - Speed:   1.0; Angle:  SOUTH; Position: 42,15; Parcels:      2; Health: 200.0; Health Usage: 200.0; Fuel: 567.0; Tile: ROAD
2019-10-17 21:57:00 INFO  Car - Speed:   1.0; Angle:  SOUTH; Position: 42,14; Parcels:      2; Health: 200.0; Health Usage: 200.0; Fuel: 566.0; Tile: ROAD
2019-10-17 21:57:00 INFO  Car - Speed:   1.0; Angle:  SOUTH; Position: 42,13; Parcels:      2; Health: 200.0; Health Usage: 200.0; Fuel: 565.0; Tile: ROAD
2019-10-17 21:57:00 INFO  Car - Speed:   1.0; Angle:  SOUTH; Position: 42,12; Parcels:      2; Health: 200.0; Health Usage: 200.0; Fuel: 564.0; Tile: ROAD
2019-10-17 21:57:00 INFO  Car - Speed:   1.0; Angle:  SOUTH; Position: 42,11; Parcels:      2; Health: 200.0; Health Usage: 200.0; Fuel: 563.0; Tile: ROAD
2019-10-17 21:57:00 INFO  Car - Speed:   1.0; Angle:  SOUTH; Position: 42,10; Parcels:      2; Health: 200.0; Health Usage: 200.0; Fuel: 562.0; Tile: ROAD
2019-10-17 21:57:00 INFO  Car - Speed:   1.0; Angle:  SOUTH; Position:  42,9; Parcels:      2; Health: 200.0; Health Usage: 200.0; Fuel: 561.0; Tile: ROAD
2019-10-17 21:57:00 INFO  Car - Speed:   1.0; Angle:  SOUTH; Position:  42,8; Parcels:      2; Health: 200.0; Health Usage: 200.0; Fuel: 560.0; Tile: ROAD
2019-10-17 21:57:00 INFO  Car - Speed:   1.0; Angle:  SOUTH; Position:  42,7; Parcels:      2; Health: 200.0; Health Usage: 200.0; Fuel: 559.0; Tile: ROAD
2019-10-17 21:57:00 INFO  Car - Speed:   1.0; Angle:   WEST; Position:  41,7; Parcels:      2; Health: 200.0; Health Usage: 200.0; Fuel: 558.0; Tile: ROAD
2019-10-17 21:57:00 INFO  Car - Speed:   1.0; Angle:   WEST; Position:  40,7; Parcels:      2; Health: 200.0; Health Usage: 200.0; Fuel: 557.0; Tile: ROAD
2019-10-17 21:57:00 INFO  Car - Speed:   1.0; Angle:   WEST; Position:  39,7; Parcels:      2; Health: 200.0; Health Usage: 200.0; Fuel: 556.0; Tile: ROAD
2019-10-17 21:57:00 INFO  Car - Speed:   1.0; Angle:   WEST; Position:  38,7; Parcels:      2; Health: 200.0; Health Usage: 200.0; Fuel: 555.0; Tile: ROAD
2019-10-17 21:57:01 INFO  Car - Speed:   1.0; Angle:   WEST; Position:  37,7; Parcels:      3; Health: 200.0; Health Usage: 200.0; Fuel: 554.0; Tile: ROAD
2019-10-17 21:57:01 INFO  Car - Speed:   0.0; Angle:   WEST; Position:  37,7; Parcels:      3; Health: 200.0; Health Usage: 200.0; Fuel: 554.0; Tile: ROAD
2019-10-17 21:57:01 INFO  Car - Speed:   1.0; Angle:   WEST; Position:  38,7; Parcels:      3; Health: 200.0; Health Usage: 200.0; Fuel: 553.0; Tile: ROAD
2019-10-17 21:57:01 INFO  Car - Speed:   1.0; Angle:   WEST; Position:  39,7; Parcels:      3; Health: 200.0; Health Usage: 200.0; Fuel: 552.0; Tile: ROAD
2019-10-17 21:57:01 INFO  Car - Speed:   0.0; Angle:   WEST; Position:  39,7; Parcels:      3; Health: 200.0; Health Usage: 200.0; Fuel: 552.0; Tile: ROAD
2019-10-17 21:57:01 INFO  Car - Speed:   1.0; Angle:   WEST; Position:  38,7; Parcels:      3; Health: 200.0; Health Usage: 200.0; Fuel: 551.0; Tile: ROAD
2019-10-17 21:57:01 INFO  Car - Speed:   0.0; Angle:   WEST; Position:  38,7; Parcels:      3; Health: 200.0; Health Usage: 200.0; Fuel: 551.0; Tile: ROAD
2019-10-17 21:57:01 INFO  Car - Speed:   1.0; Angle:   WEST; Position:  39,7; Parcels:      3; Health: 200.0; Health Usage: 200.0; Fuel: 550.0; Tile: ROAD
2019-10-17 21:57:01 INFO  Car - Speed:   1.0; Angle:   WEST; Position:  40,7; Parcels:      3; Health: 200.0; Health Usage: 200.0; Fuel: 549.0; Tile: ROAD
2019-10-17 21:57:01 INFO  Car - Speed:   1.0; Angle:   WEST; Position:  41,7; Parcels:      3; Health: 200.0; Health Usage: 200.0; Fuel: 548.0; Tile: ROAD
2019-10-17 21:57:01 INFO  Car - Speed:   1.0; Angle:   WEST; Position:  42,7; Parcels:      3; Health: 200.0; Health Usage: 200.0; Fuel: 547.0; Tile: ROAD
2019-10-17 21:57:01 INFO  Car - Speed:   1.0; Angle:  SOUTH; Position:  42,8; Parcels:      3; Health: 200.0; Health Usage: 200.0; Fuel: 546.0; Tile: ROAD
2019-10-17 21:57:01 INFO  Car - Speed:   1.0; Angle:  SOUTH; Position:  42,9; Parcels:      3; Health: 200.0; Health Usage: 200.0; Fuel: 545.0; Tile: ROAD
2019-10-17 21:57:01 INFO  Car - Speed:   1.0; Angle:  SOUTH; Position: 42,10; Parcels:      3; Health: 200.0; Health Usage: 200.0; Fuel: 544.0; Tile: ROAD
2019-10-17 21:57:01 INFO  Car - Speed:   1.0; Angle:  SOUTH; Position: 42,11; Parcels:      3; Health: 200.0; Health Usage: 200.0; Fuel: 543.0; Tile: ROAD
2019-10-17 21:57:01 INFO  Car - Speed:   1.0; Angle:  SOUTH; Position: 42,12; Parcels:      3; Health: 200.0; Health Usage: 200.0; Fuel: 542.0; Tile: ROAD
2019-10-17 21:57:01 INFO  Car - Speed:   1.0; Angle:  SOUTH; Position: 42,13; Parcels:      3; Health: 200.0; Health Usage: 200.0; Fuel: 541.0; Tile: ROAD
2019-10-17 21:57:02 INFO  Car - Speed:   1.0; Angle:  SOUTH; Position: 42,14; Parcels:      3; Health: 200.0; Health Usage: 200.0; Fuel: 540.0; Tile: ROAD
2019-10-17 21:57:02 INFO  Car - Speed:   1.0; Angle:  SOUTH; Position: 42,15; Parcels:      3; Health: 200.0; Health Usage: 200.0; Fuel: 539.0; Tile: ROAD
2019-10-17 21:57:02 INFO  Car - Speed:   1.0; Angle:  SOUTH; Position: 42,16; Parcels:      3; Health: 200.0; Health Usage: 200.0; Fuel: 538.0; Tile: ROAD
2019-10-17 21:57:02 INFO  Car - Speed:   1.0; Angle:  SOUTH; Position: 42,17; Parcels:      3; Health: 200.0; Health Usage: 200.0; Fuel: 537.0; Tile: ROAD
2019-10-17 21:57:02 INFO  Car - Speed:   1.0; Angle:  SOUTH; Position: 42,18; Parcels:      3; Health: 200.0; Health Usage: 200.0; Fuel: 536.0; Tile: ROAD
2019-10-17 21:57:02 INFO  Car - Speed:   1.0; Angle:  SOUTH; Position: 42,19; Parcels:      3; Health: 200.0; Health Usage: 200.0; Fuel: 535.0; Tile: ROAD
2019-10-17 21:57:02 INFO  Car - Speed:   1.0; Angle:   EAST; Position: 41,19; Parcels:      3; Health: 200.0; Health Usage: 200.0; Fuel: 534.0; Tile: ROAD
2019-10-17 21:57:02 INFO  Car - Speed:   1.0; Angle:   EAST; Position: 40,19; Parcels:      3; Health: 200.0; Health Usage: 200.0; Fuel: 533.0; Tile: ROAD
2019-10-17 21:57:02 INFO  Car - Speed:   1.0; Angle:   EAST; Position: 39,19; Parcels:      3; Health: 200.0; Health Usage: 200.0; Fuel: 532.0; Tile: ROAD
2019-10-17 21:57:02 INFO  Car - Speed:   1.0; Angle:   EAST; Position: 38,19; Parcels:      3; Health: 200.0; Health Usage: 200.0; Fuel: 531.0; Tile: ROAD
2019-10-17 21:57:02 INFO  Car - Speed:   1.0; Angle:   EAST; Position: 37,19; Parcels:      3; Health: 200.0; Health Usage: 200.0; Fuel: 530.0; Tile: ROAD
2019-10-17 21:57:02 INFO  Car - Speed:   1.0; Angle:  NORTH; Position: 37,18; Parcels:      3; Health: 200.0; Health Usage: 200.0; Fuel: 529.0; Tile: ROAD
2019-10-17 21:57:02 INFO  Car - Speed:   1.0; Angle:   EAST; Position: 36,18; Parcels:      3; Health: 200.0; Health Usage: 200.0; Fuel: 528.0; Tile: ROAD
2019-10-17 21:57:02 INFO  Car - Speed:   1.0; Angle:   EAST; Position: 35,18; Parcels:      3; Health: 200.0; Health Usage: 200.0; Fuel: 527.0; Tile: ROAD
2019-10-17 21:57:02 INFO  Car - Speed:   1.0; Angle:  NORTH; Position: 35,17; Parcels:      3; Health: 200.0; Health Usage: 200.0; Fuel: 526.0; Tile: ROAD
2019-10-17 21:57:02 INFO  Car - Speed:   1.0; Angle:   EAST; Position: 34,17; Parcels:      3; Health: 200.0; Health Usage: 200.0; Fuel: 525.0; Tile: ROAD
2019-10-17 21:57:03 INFO  Car - Speed:   1.0; Angle:  NORTH; Position: 34,16; Parcels:      3; Health: 200.0; Health Usage: 200.0; Fuel: 524.0; Tile: ROAD
2019-10-17 21:57:03 INFO  Car - Speed:   1.0; Angle:  NORTH; Position: 34,15; Parcels:      3; Health: 200.0; Health Usage: 200.0; Fuel: 523.0; Tile: ROAD
2019-10-17 21:57:03 INFO  Car - Speed:   1.0; Angle:   WEST; Position: 35,15; Parcels:      3; Health: 200.0; Health Usage: 200.0; Fuel: 522.0; Tile: ROAD
2019-10-17 21:57:03 INFO  Car - Speed:   1.0; Angle:  NORTH; Position: 35,14; Parcels:      3; Health: 200.0; Health Usage: 200.0; Fuel: 521.0; Tile: ROAD
2019-10-17 21:57:03 INFO  Car - Speed:   1.0; Angle:  NORTH; Position: 35,13; Parcels:      3; Health: 200.0; Health Usage: 200.0; Fuel: 520.0; Tile: ROAD
2019-10-17 21:57:03 INFO  Car - Speed:   1.0; Angle:  NORTH; Position: 35,12; Parcels:      3; Health: 200.0; Health Usage: 200.0; Fuel: 519.0; Tile: ROAD
2019-10-17 21:57:03 INFO  Car - Speed:   1.0; Angle:   EAST; Position: 34,12; Parcels:      3; Health: 200.0; Health Usage: 200.0; Fuel: 518.0; Tile: ROAD
2019-10-17 21:57:03 INFO  Car - Speed:   1.0; Angle:  NORTH; Position: 34,11; Parcels:      3; Health: 200.0; Health Usage: 200.0; Fuel: 517.0; Tile: ROAD
2019-10-17 21:57:03 INFO  Car - Speed:   1.0; Angle:  NORTH; Position: 34,10; Parcels:      3; Health: 200.0; Health Usage: 200.0; Fuel: 516.0; Tile: ROAD
2019-10-17 21:57:03 INFO  Car - Speed:   1.0; Angle:   WEST; Position: 35,10; Parcels:      3; Health: 200.0; Health Usage: 200.0; Fuel: 515.0; Tile: ROAD
2019-10-17 21:57:03 INFO  Car - Speed:   1.0; Angle:  NORTH; Position:  35,9; Parcels:      3; Health: 200.0; Health Usage: 200.0; Fuel: 514.0; Tile: ROAD
2019-10-17 21:57:03 INFO  Car - Speed:   1.0; Angle:  NORTH; Position:  35,8; Parcels:      3; Health: 200.0; Health Usage: 200.0; Fuel: 513.0; Tile: ROAD
2019-10-17 21:57:03 INFO  Car - Speed:   1.0; Angle:   EAST; Position:  34,8; Parcels:      3; Health: 200.0; Health Usage: 200.0; Fuel: 512.0; Tile: ROAD
2019-10-17 21:57:03 INFO  Car - Speed:   1.0; Angle:  NORTH; Position:  34,7; Parcels:      3; Health: 200.0; Health Usage: 200.0; Fuel: 511.0; Tile: ROAD
2019-10-17 21:57:03 INFO  Car - Speed:   1.0; Angle:  NORTH; Position:  34,6; Parcels:      3; Health: 200.0; Health Usage: 200.0; Fuel: 510.0; Tile: ROAD
2019-10-17 21:57:03 INFO  Car - Speed:   1.0; Angle:  NORTH; Position:  34,5; Parcels:      3; Health: 200.0; Health Usage: 200.0; Fuel: 509.0; Tile: ROAD
2019-10-17 21:57:04 INFO  Car - Speed:   1.0; Angle:   EAST; Position:  33,5; Parcels:      3; Health: 200.0; Health Usage: 200.0; Fuel: 508.0; Tile: ROAD
2019-10-17 21:57:04 INFO  Car - Speed:   1.0; Angle:   EAST; Position:  32,5; Parcels:      3; Health: 200.0; Health Usage: 200.0; Fuel: 507.0; Tile: ROAD
2019-10-17 21:57:04 INFO  Car - Speed:   1.0; Angle:  NORTH; Position:  32,4; Parcels:      3; Health: 200.0; Health Usage: 200.0; Fuel: 506.0; Tile: ROAD
2019-10-17 21:57:04 INFO  Car - Speed:   1.0; Angle:  NORTH; Position:  32,3; Parcels:      3; Health: 200.0; Health Usage: 200.0; Fuel: 505.0; Tile: ROAD
2019-10-17 21:57:04 INFO  Car - Speed:   1.0; Angle:  NORTH; Position:  32,2; Parcels:      3; Health: 200.0; Health Usage: 200.0; Fuel: 504.0; Tile: ROAD
2019-10-17 21:57:04 INFO  Car - Speed:   1.0; Angle:   WEST; Position:  33,2; Parcels:      3; Health: 200.0; Health Usage: 200.0; Fuel: 503.0; Tile: ROAD
2019-10-17 21:57:04 INFO  Car - Speed:   1.0; Angle:  NORTH; Position:  33,1; Parcels:      3; Health: 200.0; Health Usage: 200.0; Fuel: 502.0; Tile: FINISH
